[0m10:35:10.130093 [debug] [MainThread]: Sending event: {'category': 'dbt', 'action': 'invocation', 'label': 'start', 'context': [<snowplow_tracker.self_describing_json.SelfDescribingJson object at 0x76d32d9188b0>, <snowplow_tracker.self_describing_json.SelfDescribingJson object at 0x76d32caafe50>, <snowplow_tracker.self_describing_json.SelfDescribingJson object at 0x76d32caaf9a0>]}


============================== 10:35:10.157628 | b6c4e938-7b95-4c62-81a1-ae10352ea72c ==============================
[0m10:35:10.157628 [info ] [MainThread]: Running with dbt=1.11.2
[0m10:35:10.166007 [debug] [MainThread]: running dbt with arguments {'profiles_dir': '/home/calvin/.dbt', 'target_path': 'None', 'printer_width': '80', 'log_format': 'default', 'log_cache_events': 'False', 'debug': 'False', 'static_parser': 'True', 'use_colors': 'True', 'cache_selected_only': 'False', 'use_experimental_parser': 'False', 'version_check': 'True', 'indirect_selection': 'eager', 'warn_error': 'None', 'partial_parse': 'True', 'invocation_command': 'dbt init my_project', 'log_path': 'logs', 'fail_fast': 'False', 'send_anonymous_usage_stats': 'True', 'no_print': 'None', 'write_json': 'True', 'quiet': 'False', 'introspect': 'True', 'empty': 'None', 'warn_error_options': 'WarnErrorOptionsV2(error=[], warn=[], silence=[])'}
[0m10:35:10.225767 [info ] [MainThread]: Creating dbt configuration folder at /home/calvin/.dbt
[0m10:35:10.241274 [debug] [MainThread]: Starter project path: /home/calvin/.pyenv/versions/3.10.19/envs/demo_dbt/lib/python3.10/site-packages/dbt/include/starter_project
[0m10:35:10.264080 [info ] [MainThread]: 
Your new dbt project "my_project" was created!

For more information on how to configure the profiles.yml file,
please consult the dbt documentation here:

  https://docs.getdbt.com/docs/configure-your-profile

One more thing:

Need help? Don't hesitate to reach out to us via GitHub issues or on Slack:

  https://community.getdbt.com/

Happy modeling!

[0m10:35:10.269822 [info ] [MainThread]: Setting up your profile.
[0m10:37:07.000109 [info ] [MainThread]: Profile my_project written to /home/calvin/.dbt/profiles.yml using target's profile_template.yml and your supplied values. Run 'dbt debug' to validate the connection.
[0m10:37:07.020735 [debug] [MainThread]: Resource report: {"command_name": "init", "command_success": true, "command_wall_clock_time": 120.25189, "process_in_blocks": "32", "process_kernel_time": 1.092486, "process_mem_max_rss": "100280", "process_out_blocks": "80", "process_user_time": 11.672359}
[0m10:37:07.027831 [debug] [MainThread]: Command `dbt init` succeeded at 10:37:07.027261 after 120.26 seconds
[0m10:37:07.030290 [debug] [MainThread]: Sending event: {'category': 'dbt', 'action': 'invocation', 'label': 'end', 'context': [<snowplow_tracker.self_describing_json.SelfDescribingJson object at 0x76d32d9188b0>, <snowplow_tracker.self_describing_json.SelfDescribingJson object at 0x76d32d7996c0>, <snowplow_tracker.self_describing_json.SelfDescribingJson object at 0x76d32caafe50>]}
[0m10:37:07.045988 [debug] [MainThread]: Flushing usage events
[0m10:37:08.069740 [debug] [MainThread]: An error was encountered while trying to flush usage events
[0m09:00:34.859335 [debug] [MainThread]: Sending event: {'category': 'dbt', 'action': 'invocation', 'label': 'start', 'context': [<snowplow_tracker.self_describing_json.SelfDescribingJson object at 0x775c23b188e0>, <snowplow_tracker.self_describing_json.SelfDescribingJson object at 0x775c2399d450>, <snowplow_tracker.self_describing_json.SelfDescribingJson object at 0x775c22a691b0>]}


============================== 09:00:34.865944 | edd9b564-a181-46fb-81f2-399a0934fd6d ==============================
[0m09:00:34.865944 [info ] [MainThread]: Running with dbt=1.11.2
[0m09:00:34.866768 [debug] [MainThread]: running dbt with arguments {'write_json': 'True', 'debug': 'False', 'use_colors': 'True', 'log_path': 'logs', 'invocation_command': 'dbt run', 'warn_error_options': 'WarnErrorOptionsV2(error=[], warn=[], silence=[])', 'introspect': 'True', 'static_parser': 'True', 'send_anonymous_usage_stats': 'True', 'profiles_dir': '/home/calvin/.dbt', 'log_format': 'default', 'printer_width': '80', 'fail_fast': 'False', 'empty': 'False', 'version_check': 'True', 'indirect_selection': 'eager', 'use_experimental_parser': 'False', 'quiet': 'False', 'target_path': 'None', 'partial_parse': 'True', 'no_print': 'None', 'cache_selected_only': 'False', 'warn_error': 'None', 'log_cache_events': 'False'}
[0m09:00:34.867632 [error] [MainThread]: Encountered an error:
Runtime Error
  No dbt_project.yml found at expected path /home/calvin/repos/dbt-postgres-airflow/dbt/dbt_project.yml
  Verify that each entry within packages.yml (and their transitive dependencies) contains a file named dbt_project.yml
  
[0m09:00:34.872288 [debug] [MainThread]: Resource report: {"command_name": "run", "command_success": false, "command_wall_clock_time": 0.11060485, "process_in_blocks": "77216", "process_kernel_time": 0.313269, "process_mem_max_rss": "94900", "process_out_blocks": "16", "process_user_time": 2.277231}
[0m09:00:34.873046 [debug] [MainThread]: Command `dbt run` failed at 09:00:34.872897 after 0.11 seconds
[0m09:00:34.873828 [debug] [MainThread]: Sending event: {'category': 'dbt', 'action': 'invocation', 'label': 'end', 'context': [<snowplow_tracker.self_describing_json.SelfDescribingJson object at 0x775c23b188e0>, <snowplow_tracker.self_describing_json.SelfDescribingJson object at 0x775c22a69720>, <snowplow_tracker.self_describing_json.SelfDescribingJson object at 0x775c22a68b80>]}
[0m09:00:34.874806 [debug] [MainThread]: Flushing usage events
[0m09:00:35.311662 [debug] [MainThread]: An error was encountered while trying to flush usage events
[0m07:43:21.618658 [debug] [MainThread]: Sending event: {'category': 'dbt', 'action': 'invocation', 'label': 'start', 'context': [<snowplow_tracker.self_describing_json.SelfDescribingJson object at 0x7dbf41d408e0>, <snowplow_tracker.self_describing_json.SelfDescribingJson object at 0x7dbf41daeec0>, <snowplow_tracker.self_describing_json.SelfDescribingJson object at 0x7dbf40e891b0>]}


============================== 07:43:21.628357 | 7418d033-442a-45cb-8a65-0122e7e56dca ==============================
[0m07:43:21.628357 [info ] [MainThread]: Running with dbt=1.11.2
[0m07:43:21.629482 [debug] [MainThread]: running dbt with arguments {'debug': 'False', 'send_anonymous_usage_stats': 'True', 'printer_width': '80', 'log_path': 'logs', 'fail_fast': 'False', 'cache_selected_only': 'False', 'warn_error_options': 'WarnErrorOptionsV2(error=[], warn=[], silence=[])', 'invocation_command': 'dbt run', 'warn_error': 'None', 'no_print': 'None', 'quiet': 'False', 'empty': 'False', 'static_parser': 'True', 'use_colors': 'True', 'log_format': 'default', 'introspect': 'True', 'log_cache_events': 'False', 'profiles_dir': '/home/calvin/.dbt', 'write_json': 'True', 'use_experimental_parser': 'False', 'target_path': 'None', 'version_check': 'True', 'indirect_selection': 'eager', 'partial_parse': 'True'}
[0m07:43:21.630453 [error] [MainThread]: Encountered an error:
Runtime Error
  No dbt_project.yml found at expected path /home/calvin/repos/dbt-postgres-airflow/dbt/dbt_project.yml
  Verify that each entry within packages.yml (and their transitive dependencies) contains a file named dbt_project.yml
  
[0m07:43:21.633515 [debug] [MainThread]: Resource report: {"command_name": "run", "command_success": false, "command_wall_clock_time": 0.19225764, "process_in_blocks": "70360", "process_kernel_time": 0.522032, "process_mem_max_rss": "94792", "process_out_blocks": "8", "process_user_time": 2.617673}
[0m07:43:21.634496 [debug] [MainThread]: Command `dbt run` failed at 07:43:21.634307 after 0.19 seconds
[0m07:43:21.635325 [debug] [MainThread]: Sending event: {'category': 'dbt', 'action': 'invocation', 'label': 'end', 'context': [<snowplow_tracker.self_describing_json.SelfDescribingJson object at 0x7dbf41d408e0>, <snowplow_tracker.self_describing_json.SelfDescribingJson object at 0x7dbf40e89720>, <snowplow_tracker.self_describing_json.SelfDescribingJson object at 0x7dbf40e88b80>]}
[0m07:43:21.636163 [debug] [MainThread]: Flushing usage events
[0m07:43:22.103528 [debug] [MainThread]: An error was encountered while trying to flush usage events
[0m09:45:53.904489 [debug] [MainThread]: Sending event: {'category': 'dbt', 'action': 'invocation', 'label': 'start', 'context': [<snowplow_tracker.self_describing_json.SelfDescribingJson object at 0x73a7990508e0>, <snowplow_tracker.self_describing_json.SelfDescribingJson object at 0x73a7990baec0>, <snowplow_tracker.self_describing_json.SelfDescribingJson object at 0x73a7981e3ee0>]}


============================== 09:45:53.919785 | 6b505136-1515-4a4f-870e-dc9a233f4dee ==============================
[0m09:45:53.919785 [info ] [MainThread]: Running with dbt=1.11.2
[0m09:45:53.922160 [debug] [MainThread]: running dbt with arguments {'use_colors': 'True', 'indirect_selection': 'eager', 'introspect': 'True', 'log_format': 'default', 'send_anonymous_usage_stats': 'True', 'warn_error': 'None', 'log_cache_events': 'False', 'no_print': 'None', 'printer_width': '80', 'version_check': 'True', 'static_parser': 'True', 'write_json': 'True', 'log_path': 'logs', 'fail_fast': 'False', 'warn_error_options': 'WarnErrorOptionsV2(error=[], warn=[], silence=[])', 'cache_selected_only': 'False', 'debug': 'False', 'partial_parse': 'True', 'empty': 'None', 'use_experimental_parser': 'False', 'quiet': 'False', 'profiles_dir': '/home/calvin/.dbt', 'target_path': 'None', 'invocation_command': 'dbt init'}
[0m09:46:20.363753 [debug] [MainThread]: Starter project path: /home/calvin/.pyenv/versions/3.10.19/envs/demo_dbt/lib/python3.10/site-packages/dbt/include/starter_project
[0m09:46:20.391379 [info ] [MainThread]: 
Your new dbt project "data_pipeline" was created!

For more information on how to configure the profiles.yml file,
please consult the dbt documentation here:

  https://docs.getdbt.com/docs/configure-your-profile

One more thing:

Need help? Don't hesitate to reach out to us via GitHub issues or on Slack:

  https://community.getdbt.com/

Happy modeling!

[0m09:46:20.396769 [info ] [MainThread]: Setting up your profile.
[0m09:48:17.361540 [error] [MainThread]: Encountered an error:

[0m09:48:17.373093 [error] [MainThread]: Traceback (most recent call last):
  File "/home/calvin/.pyenv/versions/3.10.19/envs/demo_dbt/lib/python3.10/site-packages/dbt/cli/requires.py", line 182, in wrapper
    result, success = func(*args, **kwargs)
  File "/home/calvin/.pyenv/versions/3.10.19/envs/demo_dbt/lib/python3.10/site-packages/dbt/cli/requires.py", line 128, in wrapper
    return func(*args, **kwargs)
  File "/home/calvin/.pyenv/versions/3.10.19/envs/demo_dbt/lib/python3.10/site-packages/dbt/cli/main.py", line 483, in init
    results = task.run()
  File "/home/calvin/.pyenv/versions/3.10.19/envs/demo_dbt/lib/python3.10/site-packages/dbt/task/init.py", line 346, in run
    self.setup_profile(profile_name)
  File "/home/calvin/.pyenv/versions/3.10.19/envs/demo_dbt/lib/python3.10/site-packages/dbt/task/init.py", line 261, in setup_profile
    adapter = self.ask_for_adapter_choice()
  File "/home/calvin/.pyenv/versions/3.10.19/envs/demo_dbt/lib/python3.10/site-packages/dbt/task/init.py", line 242, in ask_for_adapter_choice
    numeric_choice = click.prompt(prompt_msg, type=click.INT)
  File "/home/calvin/.pyenv/versions/3.10.19/envs/demo_dbt/lib/python3.10/site-packages/click/termui.py", line 171, in prompt
    value = prompt_func(prompt)
  File "/home/calvin/.pyenv/versions/3.10.19/envs/demo_dbt/lib/python3.10/site-packages/click/termui.py", line 154, in prompt_func
    raise Abort() from None
click.exceptions.Abort

[0m09:48:17.381363 [debug] [MainThread]: Resource report: {"command_name": "init", "command_success": false, "command_wall_clock_time": 143.88632, "process_in_blocks": "75400", "process_kernel_time": 1.926138, "process_mem_max_rss": "94796", "process_out_blocks": "72", "process_user_time": 8.220339}
[0m09:48:17.389571 [debug] [MainThread]: Command `dbt init` failed at 09:48:17.387697 after 143.89 seconds
[0m09:48:17.393483 [debug] [MainThread]: Sending event: {'category': 'dbt', 'action': 'invocation', 'label': 'end', 'context': [<snowplow_tracker.self_describing_json.SelfDescribingJson object at 0x73a7990508e0>, <snowplow_tracker.self_describing_json.SelfDescribingJson object at 0x73a79800ba60>, <snowplow_tracker.self_describing_json.SelfDescribingJson object at 0x73a798004100>]}
[0m09:48:17.396371 [debug] [MainThread]: Flushing usage events
[0m09:48:17.960361 [debug] [MainThread]: An error was encountered while trying to flush usage events
[0m09:49:43.241483 [debug] [MainThread]: Sending event: {'category': 'dbt', 'action': 'invocation', 'label': 'start', 'context': [<snowplow_tracker.self_describing_json.SelfDescribingJson object at 0x789866938a00>, <snowplow_tracker.self_describing_json.SelfDescribingJson object at 0x789865a83fa0>, <snowplow_tracker.self_describing_json.SelfDescribingJson object at 0x789865a83850>]}


============================== 09:49:43.257435 | c029bd9b-034f-47d5-966c-5eff3d87b0ee ==============================
[0m09:49:43.257435 [info ] [MainThread]: Running with dbt=1.11.2
[0m09:49:43.262658 [debug] [MainThread]: running dbt with arguments {'invocation_command': 'dbt init', 'write_json': 'True', 'version_check': 'True', 'indirect_selection': 'eager', 'use_colors': 'True', 'use_experimental_parser': 'False', 'no_print': 'None', 'log_cache_events': 'False', 'target_path': 'None', 'log_path': 'logs', 'static_parser': 'True', 'partial_parse': 'True', 'warn_error_options': 'WarnErrorOptionsV2(error=[], warn=[], silence=[])', 'introspect': 'True', 'log_format': 'default', 'cache_selected_only': 'False', 'send_anonymous_usage_stats': 'True', 'profiles_dir': '/home/calvin/.dbt', 'debug': 'False', 'printer_width': '80', 'fail_fast': 'False', 'empty': 'None', 'quiet': 'False', 'warn_error': 'None'}
[0m09:49:47.453624 [info ] [MainThread]: A project called data_pipeline already exists here.
[0m09:49:47.458883 [debug] [MainThread]: Resource report: {"command_name": "init", "command_success": true, "command_wall_clock_time": 4.614125, "process_in_blocks": "0", "process_kernel_time": 0.344564, "process_mem_max_rss": "95472", "process_out_blocks": "8", "process_user_time": 8.838472}
[0m09:49:47.462696 [debug] [MainThread]: Command `dbt init` succeeded at 09:49:47.462178 after 4.62 seconds
[0m09:49:47.464515 [debug] [MainThread]: Sending event: {'category': 'dbt', 'action': 'invocation', 'label': 'end', 'context': [<snowplow_tracker.self_describing_json.SelfDescribingJson object at 0x789866938a00>, <snowplow_tracker.self_describing_json.SelfDescribingJson object at 0x789865a81660>, <snowplow_tracker.self_describing_json.SelfDescribingJson object at 0x7898658f7a00>]}
[0m09:49:47.474790 [debug] [MainThread]: Flushing usage events
[0m09:49:48.013797 [debug] [MainThread]: An error was encountered while trying to flush usage events
[0m09:50:49.236104 [debug] [MainThread]: Sending event: {'category': 'dbt', 'action': 'invocation', 'label': 'start', 'context': [<snowplow_tracker.self_describing_json.SelfDescribingJson object at 0x7a9baac28a30>, <snowplow_tracker.self_describing_json.SelfDescribingJson object at 0x7a9ba9d72b90>, <snowplow_tracker.self_describing_json.SelfDescribingJson object at 0x7a9ba9d73250>]}


============================== 09:50:49.244461 | ee27a748-f7a2-4a42-9723-de85d3e57658 ==============================
[0m09:50:49.244461 [info ] [MainThread]: Running with dbt=1.11.2
[0m09:50:49.245963 [debug] [MainThread]: running dbt with arguments {'log_path': 'logs', 'warn_error': 'None', 'introspect': 'True', 'empty': 'None', 'warn_error_options': 'WarnErrorOptionsV2(error=[], warn=[], silence=[])', 'no_print': 'None', 'profiles_dir': '/home/calvin/.dbt', 'log_cache_events': 'False', 'use_colors': 'True', 'quiet': 'False', 'debug': 'False', 'printer_width': '80', 'invocation_command': 'dbt init', 'send_anonymous_usage_stats': 'True', 'partial_parse': 'True', 'fail_fast': 'False', 'write_json': 'True', 'log_format': 'default', 'cache_selected_only': 'False', 'static_parser': 'True', 'version_check': 'True', 'target_path': 'None', 'indirect_selection': 'eager', 'use_experimental_parser': 'False'}
[0m09:50:53.730584 [debug] [MainThread]: Starter project path: /home/calvin/.pyenv/versions/3.10.19/envs/demo_dbt/lib/python3.10/site-packages/dbt/include/starter_project
[0m09:50:53.745975 [info ] [MainThread]: 
Your new dbt project "data_pipeline" was created!

For more information on how to configure the profiles.yml file,
please consult the dbt documentation here:

  https://docs.getdbt.com/docs/configure-your-profile

One more thing:

Need help? Don't hesitate to reach out to us via GitHub issues or on Slack:

  https://community.getdbt.com/

Happy modeling!

[0m09:50:53.748831 [info ] [MainThread]: Setting up your profile.
[0m09:50:58.916381 [debug] [MainThread]: Snowflake adapter: Setting snowflake.connector to ERROR (file logging only)
[0m09:50:58.920999 [debug] [MainThread]: Snowflake adapter: Setting botocore to ERROR (file logging only)
[0m09:50:58.926089 [debug] [MainThread]: Snowflake adapter: Setting boto3 to ERROR (file logging only)
[0m09:54:36.024248 [info ] [MainThread]: Profile data_pipeline written to /home/calvin/.dbt/profiles.yml using target's profile_template.yml and your supplied values. Run 'dbt debug' to validate the connection.
[0m09:54:36.039728 [debug] [MainThread]: Resource report: {"command_name": "init", "command_success": true, "command_wall_clock_time": 227.16068, "process_in_blocks": "624", "process_kernel_time": 0.665024, "process_mem_max_rss": "118100", "process_out_blocks": "104", "process_user_time": 7.864113}
[0m09:54:36.051728 [debug] [MainThread]: Command `dbt init` succeeded at 09:54:36.048336 after 227.17 seconds
[0m09:54:36.055040 [debug] [MainThread]: Sending event: {'category': 'dbt', 'action': 'invocation', 'label': 'end', 'context': [<snowplow_tracker.self_describing_json.SelfDescribingJson object at 0x7a9baac28a30>, <snowplow_tracker.self_describing_json.SelfDescribingJson object at 0x7a9ba9d738e0>, <snowplow_tracker.self_describing_json.SelfDescribingJson object at 0x7a9ba9bec2e0>]}
[0m09:54:36.058352 [debug] [MainThread]: Flushing usage events
[0m09:54:36.800089 [debug] [MainThread]: An error was encountered while trying to flush usage events
[0m10:02:53.644951 [debug] [MainThread]: Sending event: {'category': 'dbt', 'action': 'invocation', 'label': 'start', 'context': [<snowplow_tracker.self_describing_json.SelfDescribingJson object at 0x790e884309d0>, <snowplow_tracker.self_describing_json.SelfDescribingJson object at 0x790e873d3af0>, <snowplow_tracker.self_describing_json.SelfDescribingJson object at 0x790e873d3fa0>]}


============================== 10:02:53.680154 | 84282d30-0d1e-435d-a4c4-a8e60df7ea60 ==============================
[0m10:02:53.680154 [info ] [MainThread]: Running with dbt=1.11.2
[0m10:02:53.688266 [debug] [MainThread]: running dbt with arguments {'partial_parse': 'True', 'debug': 'False', 'write_json': 'True', 'use_colors': 'True', 'log_cache_events': 'False', 'empty': 'None', 'indirect_selection': 'eager', 'version_check': 'True', 'printer_width': '80', 'no_print': 'None', 'target_path': 'None', 'warn_error': 'None', 'introspect': 'True', 'invocation_command': 'dbt debug', 'log_path': 'logs', 'send_anonymous_usage_stats': 'True', 'static_parser': 'True', 'quiet': 'False', 'cache_selected_only': 'False', 'profiles_dir': '/home/calvin/.dbt', 'warn_error_options': 'WarnErrorOptionsV2(error=[], warn=[], silence=[])', 'fail_fast': 'False', 'use_experimental_parser': 'False', 'log_format': 'default'}
[0m10:02:53.760999 [info ] [MainThread]: dbt version: 1.11.2
[0m10:02:53.763671 [info ] [MainThread]: python version: 3.10.19
[0m10:02:53.768552 [info ] [MainThread]: python path: /home/calvin/.pyenv/versions/3.10.19/envs/demo_dbt/bin/python
[0m10:02:53.772913 [info ] [MainThread]: os info: Linux-6.6.87.2-microsoft-standard-WSL2-x86_64-with-glibc2.39
[0m10:02:55.258716 [debug] [MainThread]: Snowflake adapter: Setting snowflake.connector to ERROR (file logging only)
[0m10:02:55.261231 [debug] [MainThread]: Snowflake adapter: Setting botocore to ERROR (file logging only)
[0m10:02:55.263899 [debug] [MainThread]: Snowflake adapter: Setting boto3 to ERROR (file logging only)
[0m10:02:56.324408 [info ] [MainThread]: Using profiles dir at /home/calvin/.dbt
[0m10:02:56.327636 [info ] [MainThread]: Using profiles.yml file at /home/calvin/.dbt/profiles.yml
[0m10:02:56.330149 [info ] [MainThread]: Using dbt_project.yml file at /home/calvin/repos/dbt-postgres-airflow/dbt/dbt_project.yml
[0m10:02:56.333628 [error] [MainThread]: Encountered an error:
Internal Error
  Profile should not be None if loading profile completed
[0m10:02:56.341998 [debug] [MainThread]: Resource report: {"command_name": "debug", "command_success": false, "command_wall_clock_time": 3.205757, "process_in_blocks": "11608", "process_kernel_time": 0.67365, "process_mem_max_rss": "123428", "process_out_blocks": "16", "process_user_time": 10.895392}
[0m10:02:56.346861 [debug] [MainThread]: Command `dbt debug` failed at 10:02:56.346379 after 3.21 seconds
[0m10:02:56.348767 [debug] [MainThread]: Sending event: {'category': 'dbt', 'action': 'invocation', 'label': 'end', 'context': [<snowplow_tracker.self_describing_json.SelfDescribingJson object at 0x790e884309d0>, <snowplow_tracker.self_describing_json.SelfDescribingJson object at 0x790e85b573a0>, <snowplow_tracker.self_describing_json.SelfDescribingJson object at 0x790e85bde470>]}
[0m10:02:56.350337 [debug] [MainThread]: Flushing usage events
[0m10:02:56.886665 [debug] [MainThread]: An error was encountered while trying to flush usage events
[0m21:46:53.844041 [debug] [MainThread]: Sending event: {'category': 'dbt', 'action': 'invocation', 'label': 'start', 'context': [<snowplow_tracker.self_describing_json.SelfDescribingJson object at 0x7e75b4e30970>, <snowplow_tracker.self_describing_json.SelfDescribingJson object at 0x7e75b3dd37c0>, <snowplow_tracker.self_describing_json.SelfDescribingJson object at 0x7e75b3dd3730>]}


============================== 21:46:53.858739 | 4af7a98d-7229-4635-8da2-316f215e3be1 ==============================
[0m21:46:53.858739 [info ] [MainThread]: Running with dbt=1.11.2
[0m21:46:53.860567 [debug] [MainThread]: running dbt with arguments {'cache_selected_only': 'False', 'version_check': 'True', 'debug': 'False', 'send_anonymous_usage_stats': 'True', 'log_path': 'logs', 'use_experimental_parser': 'False', 'printer_width': '80', 'warn_error_options': 'WarnErrorOptionsV2(error=[], warn=[], silence=[])', 'use_colors': 'True', 'warn_error': 'None', 'write_json': 'True', 'log_cache_events': 'False', 'fail_fast': 'False', 'invocation_command': 'dbt debug', 'introspect': 'True', 'indirect_selection': 'eager', 'empty': 'None', 'no_print': 'None', 'profiles_dir': '/home/calvin/.dbt', 'log_format': 'default', 'static_parser': 'True', 'target_path': 'None', 'quiet': 'False', 'partial_parse': 'True'}
[0m21:46:53.893228 [info ] [MainThread]: dbt version: 1.11.2
[0m21:46:53.893889 [info ] [MainThread]: python version: 3.10.19
[0m21:46:53.894423 [info ] [MainThread]: python path: /home/calvin/.pyenv/versions/3.10.19/envs/demo_dbt/bin/python
[0m21:46:53.894942 [info ] [MainThread]: os info: Linux-6.6.87.2-microsoft-standard-WSL2-x86_64-with-glibc2.39
[0m21:46:54.566828 [debug] [MainThread]: Snowflake adapter: Setting snowflake.connector to ERROR (file logging only)
[0m21:46:54.567618 [debug] [MainThread]: Snowflake adapter: Setting botocore to ERROR (file logging only)
[0m21:46:54.568538 [debug] [MainThread]: Snowflake adapter: Setting boto3 to ERROR (file logging only)
[0m21:46:54.830460 [info ] [MainThread]: Using profiles dir at /home/calvin/.dbt
[0m21:46:54.831574 [info ] [MainThread]: Using profiles.yml file at /home/calvin/.dbt/profiles.yml
[0m21:46:54.832382 [info ] [MainThread]: Using dbt_project.yml file at /home/calvin/repos/dbt-postgres-airflow/dbt/dbt_project.yml
[0m21:46:54.833189 [error] [MainThread]: Encountered an error:
Internal Error
  Profile should not be None if loading profile completed
[0m21:46:54.836110 [debug] [MainThread]: Resource report: {"command_name": "debug", "command_success": false, "command_wall_clock_time": 1.0972539, "process_in_blocks": "114592", "process_kernel_time": 0.456316, "process_mem_max_rss": "123384", "process_out_blocks": "8", "process_user_time": 2.737899}
[0m21:46:54.837557 [debug] [MainThread]: Command `dbt debug` failed at 21:46:54.837292 after 1.10 seconds
[0m21:46:54.838712 [debug] [MainThread]: Sending event: {'category': 'dbt', 'action': 'invocation', 'label': 'end', 'context': [<snowplow_tracker.self_describing_json.SelfDescribingJson object at 0x7e75b4e30970>, <snowplow_tracker.self_describing_json.SelfDescribingJson object at 0x7e75b3bedd50>, <snowplow_tracker.self_describing_json.SelfDescribingJson object at 0x7e75b25da470>]}
[0m21:46:54.839925 [debug] [MainThread]: Flushing usage events
[0m21:46:55.405569 [debug] [MainThread]: An error was encountered while trying to flush usage events
[0m08:20:43.847265 [debug] [MainThread]: Sending event: {'category': 'dbt', 'action': 'invocation', 'label': 'start', 'context': [<snowplow_tracker.self_describing_json.SelfDescribingJson object at 0x70b4687089a0>, <snowplow_tracker.self_describing_json.SelfDescribingJson object at 0x70b46877ce80>, <snowplow_tracker.self_describing_json.SelfDescribingJson object at 0x70b46806bfa0>]}


============================== 08:20:43.853346 | f37608af-c510-4759-8a57-0b900914a6f4 ==============================
[0m08:20:43.853346 [info ] [MainThread]: Running with dbt=1.11.2
[0m08:20:43.854447 [debug] [MainThread]: running dbt with arguments {'write_json': 'True', 'printer_width': '80', 'profiles_dir': '/home/calvin/.dbt', 'introspect': 'True', 'target_path': 'None', 'use_experimental_parser': 'False', 'log_cache_events': 'False', 'version_check': 'True', 'debug': 'False', 'partial_parse': 'True', 'no_print': 'None', 'indirect_selection': 'eager', 'cache_selected_only': 'False', 'fail_fast': 'False', 'warn_error': 'None', 'send_anonymous_usage_stats': 'True', 'log_format': 'default', 'warn_error_options': 'WarnErrorOptionsV2(error=[], warn=[], silence=[])', 'invocation_command': 'dbt init snowflake_data_project', 'use_colors': 'True', 'empty': 'None', 'quiet': 'False', 'static_parser': 'True', 'log_path': 'logs'}
[0m08:20:43.905763 [debug] [MainThread]: Starter project path: /home/calvin/.pyenv/versions/3.10.19/envs/demo_dbt/lib/python3.10/site-packages/dbt/include/starter_project
[0m08:20:43.932331 [info ] [MainThread]: 
Your new dbt project "snowflake_data_project" was created!

For more information on how to configure the profiles.yml file,
please consult the dbt documentation here:

  https://docs.getdbt.com/docs/configure-your-profile

One more thing:

Need help? Don't hesitate to reach out to us via GitHub issues or on Slack:

  https://community.getdbt.com/

Happy modeling!

[0m08:20:43.934016 [info ] [MainThread]: Setting up your profile.
[0m08:21:11.233182 [debug] [MainThread]: Snowflake adapter: Setting snowflake.connector to ERROR (file logging only)
[0m08:21:11.234033 [debug] [MainThread]: Snowflake adapter: Setting botocore to ERROR (file logging only)
[0m08:21:11.234868 [debug] [MainThread]: Snowflake adapter: Setting boto3 to ERROR (file logging only)
[0m08:31:56.110099 [info ] [MainThread]: Profile snowflake_data_project written to /home/calvin/.dbt/profiles.yml using target's profile_template.yml and your supplied values. Run 'dbt debug' to validate the connection.
[0m08:31:56.115895 [debug] [MainThread]: Resource report: {"command_name": "init", "command_success": true, "command_wall_clock_time": 689.04724, "process_in_blocks": "102688", "process_kernel_time": 0.696933, "process_mem_max_rss": "117152", "process_out_blocks": "88", "process_user_time": 3.476701}
[0m08:31:56.117374 [debug] [MainThread]: Command `dbt init` succeeded at 08:31:56.117155 after 689.05 seconds
[0m08:31:56.118312 [debug] [MainThread]: Sending event: {'category': 'dbt', 'action': 'invocation', 'label': 'end', 'context': [<snowplow_tracker.self_describing_json.SelfDescribingJson object at 0x70b4687089a0>, <snowplow_tracker.self_describing_json.SelfDescribingJson object at 0x70b46806b3a0>, <snowplow_tracker.self_describing_json.SelfDescribingJson object at 0x70b467871960>]}
[0m08:31:56.120207 [debug] [MainThread]: Flushing usage events
[0m08:31:56.764294 [debug] [MainThread]: An error was encountered while trying to flush usage events
[0m08:55:07.709972 [debug] [MainThread]: Sending event: {'category': 'dbt', 'action': 'invocation', 'label': 'start', 'context': [<snowplow_tracker.self_describing_json.SelfDescribingJson object at 0x79c8c76f0a00>, <snowplow_tracker.self_describing_json.SelfDescribingJson object at 0x79c8c75b14b0>, <snowplow_tracker.self_describing_json.SelfDescribingJson object at 0x79c8c6eef550>]}


============================== 08:55:07.716943 | 2b50b865-52b6-48a7-bc0b-6c27577190f6 ==============================
[0m08:55:07.716943 [info ] [MainThread]: Running with dbt=1.11.2
[0m08:55:07.717883 [debug] [MainThread]: running dbt with arguments {'log_format': 'default', 'debug': 'False', 'write_json': 'True', 'version_check': 'True', 'warn_error_options': 'WarnErrorOptionsV2(error=[], warn=[], silence=[])', 'fail_fast': 'False', 'log_path': 'logs', 'indirect_selection': 'eager', 'warn_error': 'None', 'empty': 'False', 'log_cache_events': 'False', 'profiles_dir': '/home/calvin/.dbt', 'cache_selected_only': 'False', 'printer_width': '80', 'static_parser': 'True', 'quiet': 'False', 'use_experimental_parser': 'False', 'no_print': 'None', 'send_anonymous_usage_stats': 'True', 'invocation_command': 'dbt compile', 'use_colors': 'True', 'partial_parse': 'True', 'target_path': 'None', 'introspect': 'True'}
[0m08:55:07.718963 [error] [MainThread]: Encountered an error:
Runtime Error
  No dbt_project.yml found at expected path /home/calvin/repos/dbt-postgres-airflow/dbt/dbt_project.yml
  Verify that each entry within packages.yml (and their transitive dependencies) contains a file named dbt_project.yml
  
[0m08:55:07.720316 [debug] [MainThread]: Resource report: {"command_name": "compile", "command_success": false, "command_wall_clock_time": 0.11931092, "process_in_blocks": "8", "process_kernel_time": 0.368212, "process_mem_max_rss": "95184", "process_out_blocks": "8", "process_user_time": 2.393381}
[0m08:55:07.721053 [debug] [MainThread]: Command `dbt compile` failed at 08:55:07.720891 after 0.12 seconds
[0m08:55:07.721701 [debug] [MainThread]: Sending event: {'category': 'dbt', 'action': 'invocation', 'label': 'end', 'context': [<snowplow_tracker.self_describing_json.SelfDescribingJson object at 0x79c8c76f0a00>, <snowplow_tracker.self_describing_json.SelfDescribingJson object at 0x79c8c661b970>, <snowplow_tracker.self_describing_json.SelfDescribingJson object at 0x79c8c661bbb0>]}
[0m08:55:07.722288 [debug] [MainThread]: Flushing usage events
[0m08:55:08.264934 [debug] [MainThread]: An error was encountered while trying to flush usage events
[0m08:55:28.327196 [debug] [MainThread]: Sending event: {'category': 'dbt', 'action': 'invocation', 'label': 'start', 'context': [<snowplow_tracker.self_describing_json.SelfDescribingJson object at 0x79575bb18940>, <snowplow_tracker.self_describing_json.SelfDescribingJson object at 0x79575aa6cac0>, <snowplow_tracker.self_describing_json.SelfDescribingJson object at 0x79575aa6ca30>]}


============================== 08:55:28.331694 | 14dcbed3-668d-4f60-8907-5b8ebe28543f ==============================
[0m08:55:28.331694 [info ] [MainThread]: Running with dbt=1.11.2
[0m08:55:28.332677 [debug] [MainThread]: running dbt with arguments {'introspect': 'True', 'printer_width': '80', 'quiet': 'False', 'profiles_dir': '/home/calvin/.dbt', 'use_experimental_parser': 'False', 'invocation_command': 'dbt run', 'warn_error': 'None', 'log_cache_events': 'False', 'target_path': 'None', 'write_json': 'True', 'warn_error_options': 'WarnErrorOptionsV2(error=[], warn=[], silence=[])', 'fail_fast': 'False', 'send_anonymous_usage_stats': 'True', 'log_path': 'logs', 'debug': 'False', 'cache_selected_only': 'False', 'empty': 'False', 'version_check': 'True', 'use_colors': 'True', 'static_parser': 'True', 'indirect_selection': 'eager', 'no_print': 'None', 'partial_parse': 'True', 'log_format': 'default'}
[0m08:55:28.333707 [error] [MainThread]: Encountered an error:
Runtime Error
  No dbt_project.yml found at expected path /home/calvin/repos/dbt-postgres-airflow/dbt/dbt_project.yml
  Verify that each entry within packages.yml (and their transitive dependencies) contains a file named dbt_project.yml
  
[0m08:55:28.335711 [debug] [MainThread]: Resource report: {"command_name": "run", "command_success": false, "command_wall_clock_time": 0.123852454, "process_in_blocks": "0", "process_kernel_time": 0.120255, "process_mem_max_rss": "95188", "process_out_blocks": "16", "process_user_time": 2.248778}
[0m08:55:28.337117 [debug] [MainThread]: Command `dbt run` failed at 08:55:28.336838 after 0.13 seconds
[0m08:55:28.338170 [debug] [MainThread]: Sending event: {'category': 'dbt', 'action': 'invocation', 'label': 'end', 'context': [<snowplow_tracker.self_describing_json.SelfDescribingJson object at 0x79575bb18940>, <snowplow_tracker.self_describing_json.SelfDescribingJson object at 0x79575aa2b9a0>, <snowplow_tracker.self_describing_json.SelfDescribingJson object at 0x79575aa2bc10>]}
[0m08:55:28.339225 [debug] [MainThread]: Flushing usage events
[0m08:55:28.816803 [debug] [MainThread]: An error was encountered while trying to flush usage events
