{"timestamp":"2026-01-23T06:52:46.132242Z","level":"info","event":"DAG bundles loaded: dags-folder, example_dags","logger":"airflow.dag_processing.bundles.manager.DagBundlesManager","filename":"manager.py","lineno":179}
{"timestamp":"2026-01-23T06:52:46.147027Z","level":"info","event":"Filling up the DagBag from /home/calvin/repos/dbt-postgres-airflow/airflow/dags/dbt-orchestrator.py","logger":"airflow.models.dagbag.DagBag","filename":"dagbag.py","lineno":593}
{"timestamp":"2026-01-23T06:52:46.271080Z","level":"warning","event":"The `airflow.operators.bash.BashOperator` attribute is deprecated. Please use `'airflow.providers.standard.operators.bash.BashOperator'`.","category":"DeprecatedImportWarning","filename":"/home/calvin/repos/dbt-postgres-airflow/airflow/dags/dbt-orchestrator.py","lineno":5,"logger":"py.warnings"}
{"timestamp":"2026-01-23T06:52:46.554482Z","level":"info","event":"Task instance is in running state","logger":"task.stdout"}
{"timestamp":"2026-01-23T06:52:46.555091Z","level":"info","event":" Previous state of the Task instance: TaskInstanceState.QUEUED","logger":"task.stdout"}
{"timestamp":"2026-01-23T06:52:46.555569Z","level":"info","event":"Current task name:model.my_project.my_first_dbt_model","logger":"task.stdout"}
{"timestamp":"2026-01-23T06:52:46.555954Z","level":"info","event":"Dag name:dbt_orchestrator","logger":"task.stdout"}
{"timestamp":"2026-01-23T06:52:46.560532Z","level":"info","event":"Tmp dir root location: /tmp","logger":"airflow.task.hooks.airflow.providers.standard.hooks.subprocess.SubprocessHook","filename":"subprocess.py","lineno":78}
{"timestamp":"2026-01-23T06:52:46.565360Z","level":"info","event":"Running command: ['/usr/bin/bash', '-c', 'cd /home/calvin/repos/dbt-postgres-airflow/dbt/my_project && /home/calvin/.pyenv/versions/demo_dbt/bin/dbt run --select my_first_dbt_model']","logger":"airflow.task.hooks.airflow.providers.standard.hooks.subprocess.SubprocessHook","filename":"subprocess.py","lineno":80}
{"timestamp":"2026-01-23T06:52:46.570315Z","level":"info","event":"Output:","logger":"airflow.task.hooks.airflow.providers.standard.hooks.subprocess.SubprocessHook","filename":"subprocess.py","lineno":92}
{"timestamp":"2026-01-23T06:53:01.926020Z","level":"info","event":"\u001b[0m06:53:01  Running with dbt=1.11.2","logger":"airflow.task.hooks.airflow.providers.standard.hooks.subprocess.SubprocessHook","filename":"subprocess.py","lineno":99}
{"timestamp":"2026-01-23T06:53:04.655137Z","level":"info","event":"\u001b[0m06:53:04  Registered adapter: postgres=1.10.0","logger":"airflow.task.hooks.airflow.providers.standard.hooks.subprocess.SubprocessHook","filename":"subprocess.py","lineno":99}
{"timestamp":"2026-01-23T06:53:07.021274Z","level":"info","event":"\u001b[0m06:53:07  Found 2 models, 4 data tests, 464 macros","logger":"airflow.task.hooks.airflow.providers.standard.hooks.subprocess.SubprocessHook","filename":"subprocess.py","lineno":99}
{"timestamp":"2026-01-23T06:53:07.038372Z","level":"info","event":"\u001b[0m06:53:07","logger":"airflow.task.hooks.airflow.providers.standard.hooks.subprocess.SubprocessHook","filename":"subprocess.py","lineno":99}
{"timestamp":"2026-01-23T06:53:07.040881Z","level":"info","event":"\u001b[0m06:53:07  Concurrency: 1 threads (target='dev')","logger":"airflow.task.hooks.airflow.providers.standard.hooks.subprocess.SubprocessHook","filename":"subprocess.py","lineno":99}
{"timestamp":"2026-01-23T06:53:07.043150Z","level":"info","event":"\u001b[0m06:53:07","logger":"airflow.task.hooks.airflow.providers.standard.hooks.subprocess.SubprocessHook","filename":"subprocess.py","lineno":99}
{"timestamp":"2026-01-23T06:53:08.265118Z","level":"info","event":"\u001b[0m06:53:08  1 of 1 START sql table model dev.my_first_dbt_model ............................ [RUN]","logger":"airflow.task.hooks.airflow.providers.standard.hooks.subprocess.SubprocessHook","filename":"subprocess.py","lineno":99}
{"timestamp":"2026-01-23T06:53:09.273336Z","level":"info","event":"\u001b[0m06:53:09  1 of 1 OK created sql table model dev.my_first_dbt_model ....................... [\u001b[32mSELECT 2\u001b[0m in 0.98s]","logger":"airflow.task.hooks.airflow.providers.standard.hooks.subprocess.SubprocessHook","filename":"subprocess.py","lineno":99}
{"timestamp":"2026-01-23T06:53:09.391048Z","level":"info","event":"\u001b[0m06:53:09","logger":"airflow.task.hooks.airflow.providers.standard.hooks.subprocess.SubprocessHook","filename":"subprocess.py","lineno":99}
{"timestamp":"2026-01-23T06:53:09.405039Z","level":"info","event":"\u001b[0m06:53:09  Finished running 1 table model in 0 hours 0 minutes and 2.34 seconds (2.34s).","logger":"airflow.task.hooks.airflow.providers.standard.hooks.subprocess.SubprocessHook","filename":"subprocess.py","lineno":99}
{"timestamp":"2026-01-23T06:53:09.715940Z","level":"info","event":"\u001b[0m06:53:09","logger":"airflow.task.hooks.airflow.providers.standard.hooks.subprocess.SubprocessHook","filename":"subprocess.py","lineno":99}
{"timestamp":"2026-01-23T06:53:09.719337Z","level":"info","event":"\u001b[0m06:53:09  \u001b[32mCompleted successfully\u001b[0m","logger":"airflow.task.hooks.airflow.providers.standard.hooks.subprocess.SubprocessHook","filename":"subprocess.py","lineno":99}
{"timestamp":"2026-01-23T06:53:09.725439Z","level":"info","event":"\u001b[0m06:53:09","logger":"airflow.task.hooks.airflow.providers.standard.hooks.subprocess.SubprocessHook","filename":"subprocess.py","lineno":99}
{"timestamp":"2026-01-23T06:53:09.733995Z","level":"info","event":"\u001b[0m06:53:09  Done. PASS=1 WARN=0 ERROR=0 SKIP=0 NO-OP=0 TOTAL=1","logger":"airflow.task.hooks.airflow.providers.standard.hooks.subprocess.SubprocessHook","filename":"subprocess.py","lineno":99}
{"timestamp":"2026-01-23T06:53:20.792578Z","level":"info","event":"Command exited with return code 0","logger":"airflow.task.hooks.airflow.providers.standard.hooks.subprocess.SubprocessHook","filename":"subprocess.py","lineno":103}
{"timestamp":"2026-01-23T06:53:20.793982Z","level":"info","event":"Pushing xcom","ti":"RuntimeTaskInstance(id=UUID('019be9a0-27cb-7ea7-a6d0-53a1ecc70f18'), task_id='model.my_project.my_first_dbt_model', dag_id='dbt_orchestrator', run_id='manual__2026-01-23T06:52:24+00:00', try_number=1, dag_version_id=UUID('019be99a-4a1a-7864-a4ea-949630e57163'), map_index=-1, hostname='DESKTOP-BT794FD.localdomain', context_carrier={}, task=<Task(BashOperator): model.my_project.my_first_dbt_model>, bundle_instance=LocalDagBundle(name=dags-folder), max_tries=0, start_date=datetime.datetime(2026, 1, 23, 6, 52, 27, 147017, tzinfo=datetime.timezone.utc), end_date=None, state=<TaskInstanceState.RUNNING: 'running'>, is_mapped=False, rendered_map_index=None)","logger":"task","filename":"task_runner.py","lineno":1450}
{"timestamp":"2026-01-23T06:53:21.012378Z","level":"info","event":"Task instance in success state","logger":"task.stdout"}
{"timestamp":"2026-01-23T06:53:21.012829Z","level":"info","event":" Previous state of the Task instance: TaskInstanceState.RUNNING","logger":"task.stdout"}
{"timestamp":"2026-01-23T06:53:21.014677Z","level":"info","event":"Task operator:<Task(BashOperator): model.my_project.my_first_dbt_model>","logger":"task.stdout"}
