{"timestamp":"2026-02-19T08:06:05.964504Z","level":"info","event":"DAG bundles loaded: dags-folder, example_dags","logger":"airflow.dag_processing.bundles.manager.DagBundlesManager","filename":"manager.py","lineno":179}
{"timestamp":"2026-02-19T08:06:05.970494Z","level":"info","event":"Filling up the DagBag from /home/calvin/repos/dbt-postgres-airflow/airflow/dags/combined_orchestrator.py","logger":"airflow.models.dagbag.DagBag","filename":"dagbag.py","lineno":593}
{"timestamp":"2026-02-19T08:06:06.235753Z","level":"warning","event":"The `airflow.operators.bash.BashOperator` attribute is deprecated. Please use `'airflow.providers.standard.operators.bash.BashOperator'`.","category":"DeprecatedImportWarning","filename":"/home/calvin/repos/dbt-postgres-airflow/airflow/dags/combined_orchestrator.py","lineno":10,"logger":"py.warnings"}
{"timestamp":"2026-02-19T08:06:06.236235Z","level":"warning","event":"The `airflow.operators.python.PythonOperator` attribute is deprecated. Please use `'airflow.providers.standard.operators.python.PythonOperator'`.","category":"DeprecatedImportWarning","filename":"/home/calvin/repos/dbt-postgres-airflow/airflow/dags/combined_orchestrator.py","lineno":11,"logger":"py.warnings"}
{"timestamp":"2026-02-19T08:06:06.356333Z","level":"info","event":"Task instance is in running state","logger":"task.stdout"}
{"timestamp":"2026-02-19T08:06:06.356824Z","level":"info","event":" Previous state of the Task instance: TaskInstanceState.QUEUED","logger":"task.stdout"}
{"timestamp":"2026-02-19T08:06:06.357337Z","level":"info","event":"Current task name:model.my_project.weather_merge_ins","logger":"task.stdout"}
{"timestamp":"2026-02-19T08:06:06.357842Z","level":"info","event":"Dag name:combined_orchestrator","logger":"task.stdout"}
{"timestamp":"2026-02-19T08:06:06.359618Z","level":"info","event":"Tmp dir root location: /tmp","logger":"airflow.task.hooks.airflow.providers.standard.hooks.subprocess.SubprocessHook","filename":"subprocess.py","lineno":78}
{"timestamp":"2026-02-19T08:06:06.361794Z","level":"info","event":"Running command: ['/usr/bin/bash', '-c', 'cd /home/calvin/repos/dbt-postgres-airflow/dbt/my_project && /home/calvin/.pyenv/versions/demo_dbt/bin/dbt run --select weather_merge_ins']","logger":"airflow.task.hooks.airflow.providers.standard.hooks.subprocess.SubprocessHook","filename":"subprocess.py","lineno":80}
{"timestamp":"2026-02-19T08:06:06.364000Z","level":"info","event":"Output:","logger":"airflow.task.hooks.airflow.providers.standard.hooks.subprocess.SubprocessHook","filename":"subprocess.py","lineno":92}
{"timestamp":"2026-02-19T08:06:10.791543Z","level":"info","event":"\u001b[0m08:06:10  Running with dbt=1.11.2","logger":"airflow.task.hooks.airflow.providers.standard.hooks.subprocess.SubprocessHook","filename":"subprocess.py","lineno":99}
{"timestamp":"2026-02-19T08:06:11.409001Z","level":"info","event":"\u001b[0m08:06:11  Registered adapter: postgres=1.10.0","logger":"airflow.task.hooks.airflow.providers.standard.hooks.subprocess.SubprocessHook","filename":"subprocess.py","lineno":99}
{"timestamp":"2026-02-19T08:06:12.463010Z","level":"info","event":"\u001b[0m08:06:12  [\u001b[33mWARNING\u001b[0m]: Configuration paths exist in your dbt_project.yml file which do not apply to any resources.","logger":"airflow.task.hooks.airflow.providers.standard.hooks.subprocess.SubprocessHook","filename":"subprocess.py","lineno":99}
{"timestamp":"2026-02-19T08:06:12.463355Z","level":"info","event":"There are 1 unused configuration paths:","logger":"airflow.task.hooks.airflow.providers.standard.hooks.subprocess.SubprocessHook","filename":"subprocess.py","lineno":99}
{"timestamp":"2026-02-19T08:06:12.463614Z","level":"info","event":"- models.my_project.example","logger":"airflow.task.hooks.airflow.providers.standard.hooks.subprocess.SubprocessHook","filename":"subprocess.py","lineno":99}
{"timestamp":"2026-02-19T08:06:13.053529Z","level":"info","event":"\u001b[0m08:06:13  Found 3 models, 1 source, 465 macros","logger":"airflow.task.hooks.airflow.providers.standard.hooks.subprocess.SubprocessHook","filename":"subprocess.py","lineno":99}
{"timestamp":"2026-02-19T08:06:13.058673Z","level":"info","event":"\u001b[0m08:06:13","logger":"airflow.task.hooks.airflow.providers.standard.hooks.subprocess.SubprocessHook","filename":"subprocess.py","lineno":99}
{"timestamp":"2026-02-19T08:06:13.060364Z","level":"info","event":"\u001b[0m08:06:13  Concurrency: 1 threads (target='dev')","logger":"airflow.task.hooks.airflow.providers.standard.hooks.subprocess.SubprocessHook","filename":"subprocess.py","lineno":99}
{"timestamp":"2026-02-19T08:06:13.061793Z","level":"info","event":"\u001b[0m08:06:13","logger":"airflow.task.hooks.airflow.providers.standard.hooks.subprocess.SubprocessHook","filename":"subprocess.py","lineno":99}
{"timestamp":"2026-02-19T08:06:13.436500Z","level":"info","event":"\u001b[0m08:06:13  1 of 1 START sql incremental model dev.weather_merge_ins ....................... [RUN]","logger":"airflow.task.hooks.airflow.providers.standard.hooks.subprocess.SubprocessHook","filename":"subprocess.py","lineno":99}
{"timestamp":"2026-02-19T08:06:14.280273Z","level":"info","event":"\u001b[0m08:06:14  1 of 1 OK created sql incremental model dev.weather_merge_ins .................. [\u001b[32mINSERT 0 12\u001b[0m in 0.83s]","logger":"airflow.task.hooks.airflow.providers.standard.hooks.subprocess.SubprocessHook","filename":"subprocess.py","lineno":99}
{"timestamp":"2026-02-19T08:06:14.341623Z","level":"info","event":"\u001b[0m08:06:14","logger":"airflow.task.hooks.airflow.providers.standard.hooks.subprocess.SubprocessHook","filename":"subprocess.py","lineno":99}
{"timestamp":"2026-02-19T08:06:14.345559Z","level":"info","event":"\u001b[0m08:06:14  Finished running 1 incremental model in 0 hours 0 minutes and 1.28 seconds (1.28s).","logger":"airflow.task.hooks.airflow.providers.standard.hooks.subprocess.SubprocessHook","filename":"subprocess.py","lineno":99}
{"timestamp":"2026-02-19T08:06:14.450236Z","level":"info","event":"\u001b[0m08:06:14","logger":"airflow.task.hooks.airflow.providers.standard.hooks.subprocess.SubprocessHook","filename":"subprocess.py","lineno":99}
{"timestamp":"2026-02-19T08:06:14.451920Z","level":"info","event":"\u001b[0m08:06:14  \u001b[32mCompleted successfully\u001b[0m","logger":"airflow.task.hooks.airflow.providers.standard.hooks.subprocess.SubprocessHook","filename":"subprocess.py","lineno":99}
{"timestamp":"2026-02-19T08:06:14.453437Z","level":"info","event":"\u001b[0m08:06:14","logger":"airflow.task.hooks.airflow.providers.standard.hooks.subprocess.SubprocessHook","filename":"subprocess.py","lineno":99}
{"timestamp":"2026-02-19T08:06:14.455031Z","level":"info","event":"\u001b[0m08:06:14  Done. PASS=1 WARN=0 ERROR=0 SKIP=0 NO-OP=0 TOTAL=1","logger":"airflow.task.hooks.airflow.providers.standard.hooks.subprocess.SubprocessHook","filename":"subprocess.py","lineno":99}
{"timestamp":"2026-02-19T08:06:15.623591Z","level":"info","event":"Command exited with return code 0","logger":"airflow.task.hooks.airflow.providers.standard.hooks.subprocess.SubprocessHook","filename":"subprocess.py","lineno":103}
{"timestamp":"2026-02-19T08:06:15.624597Z","level":"info","event":"Pushing xcom","ti":"RuntimeTaskInstance(id=UUID('019c74ef-1076-7cc9-b5cc-2e62ea439cff'), task_id='model.my_project.weather_merge_ins', dag_id='combined_orchestrator', run_id='manual__2026-02-19T08:05:48+00:00', try_number=1, dag_version_id=UUID('019c74e5-d2f1-7081-bf15-71a18b1b9210'), map_index=-1, hostname='DESKTOP-BT794FD.localdomain', context_carrier={}, task=<Task(BashOperator): model.my_project.weather_merge_ins>, bundle_instance=LocalDagBundle(name=dags-folder), max_tries=0, start_date=datetime.datetime(2026, 2, 19, 8, 6, 5, 729869, tzinfo=datetime.timezone.utc), end_date=None, state=<TaskInstanceState.RUNNING: 'running'>, is_mapped=False, rendered_map_index=None)","logger":"task","filename":"task_runner.py","lineno":1450}
{"timestamp":"2026-02-19T08:06:15.725130Z","level":"info","event":"Task instance in success state","logger":"task.stdout"}
{"timestamp":"2026-02-19T08:06:15.725372Z","level":"info","event":" Previous state of the Task instance: TaskInstanceState.RUNNING","logger":"task.stdout"}
{"timestamp":"2026-02-19T08:06:15.725924Z","level":"info","event":"Task operator:<Task(BashOperator): model.my_project.weather_merge_ins>","logger":"task.stdout"}
