{"timestamp":"2026-02-19T08:06:05.954516Z","level":"info","event":"DAG bundles loaded: dags-folder, example_dags","logger":"airflow.dag_processing.bundles.manager.DagBundlesManager","filename":"manager.py","lineno":179}
{"timestamp":"2026-02-19T08:06:05.959818Z","level":"info","event":"Filling up the DagBag from /home/calvin/repos/dbt-postgres-airflow/airflow/dags/combined_orchestrator.py","logger":"airflow.models.dagbag.DagBag","filename":"dagbag.py","lineno":593}
{"timestamp":"2026-02-19T08:06:06.236601Z","level":"warning","event":"The `airflow.operators.bash.BashOperator` attribute is deprecated. Please use `'airflow.providers.standard.operators.bash.BashOperator'`.","category":"DeprecatedImportWarning","filename":"/home/calvin/repos/dbt-postgres-airflow/airflow/dags/combined_orchestrator.py","lineno":10,"logger":"py.warnings"}
{"timestamp":"2026-02-19T08:06:06.237053Z","level":"warning","event":"The `airflow.operators.python.PythonOperator` attribute is deprecated. Please use `'airflow.providers.standard.operators.python.PythonOperator'`.","category":"DeprecatedImportWarning","filename":"/home/calvin/repos/dbt-postgres-airflow/airflow/dags/combined_orchestrator.py","lineno":11,"logger":"py.warnings"}
{"timestamp":"2026-02-19T08:06:06.393676Z","level":"info","event":"Task instance is in running state","logger":"task.stdout"}
{"timestamp":"2026-02-19T08:06:06.394267Z","level":"info","event":" Previous state of the Task instance: TaskInstanceState.QUEUED","logger":"task.stdout"}
{"timestamp":"2026-02-19T08:06:06.395833Z","level":"info","event":"Current task name:model.my_project.weather_del_ins","logger":"task.stdout"}
{"timestamp":"2026-02-19T08:06:06.396272Z","level":"info","event":"Dag name:combined_orchestrator","logger":"task.stdout"}
{"timestamp":"2026-02-19T08:06:06.410115Z","level":"info","event":"Tmp dir root location: /tmp","logger":"airflow.task.hooks.airflow.providers.standard.hooks.subprocess.SubprocessHook","filename":"subprocess.py","lineno":78}
{"timestamp":"2026-02-19T08:06:06.425556Z","level":"info","event":"Running command: ['/usr/bin/bash', '-c', 'cd /home/calvin/repos/dbt-postgres-airflow/dbt/my_project && /home/calvin/.pyenv/versions/demo_dbt/bin/dbt run --select weather_del_ins']","logger":"airflow.task.hooks.airflow.providers.standard.hooks.subprocess.SubprocessHook","filename":"subprocess.py","lineno":80}
{"timestamp":"2026-02-19T08:06:06.430716Z","level":"info","event":"Output:","logger":"airflow.task.hooks.airflow.providers.standard.hooks.subprocess.SubprocessHook","filename":"subprocess.py","lineno":92}
{"timestamp":"2026-02-19T08:06:10.746736Z","level":"info","event":"\u001b[0m08:06:10  Running with dbt=1.11.2","logger":"airflow.task.hooks.airflow.providers.standard.hooks.subprocess.SubprocessHook","filename":"subprocess.py","lineno":99}
{"timestamp":"2026-02-19T08:06:11.326515Z","level":"info","event":"\u001b[0m08:06:11  Registered adapter: postgres=1.10.0","logger":"airflow.task.hooks.airflow.providers.standard.hooks.subprocess.SubprocessHook","filename":"subprocess.py","lineno":99}
{"timestamp":"2026-02-19T08:06:12.326968Z","level":"info","event":"\u001b[0m08:06:12  [\u001b[33mWARNING\u001b[0m]: Configuration paths exist in your dbt_project.yml file which do not apply to any resources.","logger":"airflow.task.hooks.airflow.providers.standard.hooks.subprocess.SubprocessHook","filename":"subprocess.py","lineno":99}
{"timestamp":"2026-02-19T08:06:12.327270Z","level":"info","event":"There are 1 unused configuration paths:","logger":"airflow.task.hooks.airflow.providers.standard.hooks.subprocess.SubprocessHook","filename":"subprocess.py","lineno":99}
{"timestamp":"2026-02-19T08:06:12.327443Z","level":"info","event":"- models.my_project.example","logger":"airflow.task.hooks.airflow.providers.standard.hooks.subprocess.SubprocessHook","filename":"subprocess.py","lineno":99}
{"timestamp":"2026-02-19T08:06:13.037536Z","level":"info","event":"\u001b[0m08:06:13  Found 3 models, 1 source, 465 macros","logger":"airflow.task.hooks.airflow.providers.standard.hooks.subprocess.SubprocessHook","filename":"subprocess.py","lineno":99}
{"timestamp":"2026-02-19T08:06:13.044572Z","level":"info","event":"\u001b[0m08:06:13","logger":"airflow.task.hooks.airflow.providers.standard.hooks.subprocess.SubprocessHook","filename":"subprocess.py","lineno":99}
{"timestamp":"2026-02-19T08:06:13.046586Z","level":"info","event":"\u001b[0m08:06:13  Concurrency: 1 threads (target='dev')","logger":"airflow.task.hooks.airflow.providers.standard.hooks.subprocess.SubprocessHook","filename":"subprocess.py","lineno":99}
{"timestamp":"2026-02-19T08:06:13.048581Z","level":"info","event":"\u001b[0m08:06:13","logger":"airflow.task.hooks.airflow.providers.standard.hooks.subprocess.SubprocessHook","filename":"subprocess.py","lineno":99}
{"timestamp":"2026-02-19T08:06:13.444499Z","level":"info","event":"\u001b[0m08:06:13  1 of 1 START sql incremental model dev.weather_del_ins ......................... [RUN]","logger":"airflow.task.hooks.airflow.providers.standard.hooks.subprocess.SubprocessHook","filename":"subprocess.py","lineno":99}
{"timestamp":"2026-02-19T08:06:14.259374Z","level":"info","event":"\u001b[0m08:06:14  1 of 1 OK created sql incremental model dev.weather_del_ins .................... [\u001b[32mINSERT 0 12\u001b[0m in 0.80s]","logger":"airflow.task.hooks.airflow.providers.standard.hooks.subprocess.SubprocessHook","filename":"subprocess.py","lineno":99}
{"timestamp":"2026-02-19T08:06:14.320442Z","level":"info","event":"\u001b[0m08:06:14","logger":"airflow.task.hooks.airflow.providers.standard.hooks.subprocess.SubprocessHook","filename":"subprocess.py","lineno":99}
{"timestamp":"2026-02-19T08:06:14.322552Z","level":"info","event":"\u001b[0m08:06:14  Finished running 1 incremental model in 0 hours 0 minutes and 1.27 seconds (1.27s).","logger":"airflow.task.hooks.airflow.providers.standard.hooks.subprocess.SubprocessHook","filename":"subprocess.py","lineno":99}
{"timestamp":"2026-02-19T08:06:14.447955Z","level":"info","event":"\u001b[0m08:06:14","logger":"airflow.task.hooks.airflow.providers.standard.hooks.subprocess.SubprocessHook","filename":"subprocess.py","lineno":99}
{"timestamp":"2026-02-19T08:06:14.449611Z","level":"info","event":"\u001b[0m08:06:14  \u001b[32mCompleted successfully\u001b[0m","logger":"airflow.task.hooks.airflow.providers.standard.hooks.subprocess.SubprocessHook","filename":"subprocess.py","lineno":99}
{"timestamp":"2026-02-19T08:06:14.451075Z","level":"info","event":"\u001b[0m08:06:14","logger":"airflow.task.hooks.airflow.providers.standard.hooks.subprocess.SubprocessHook","filename":"subprocess.py","lineno":99}
{"timestamp":"2026-02-19T08:06:14.452651Z","level":"info","event":"\u001b[0m08:06:14  Done. PASS=1 WARN=0 ERROR=0 SKIP=0 NO-OP=0 TOTAL=1","logger":"airflow.task.hooks.airflow.providers.standard.hooks.subprocess.SubprocessHook","filename":"subprocess.py","lineno":99}
{"timestamp":"2026-02-19T08:06:15.651181Z","level":"info","event":"Command exited with return code 0","logger":"airflow.task.hooks.airflow.providers.standard.hooks.subprocess.SubprocessHook","filename":"subprocess.py","lineno":103}
{"timestamp":"2026-02-19T08:06:15.652397Z","level":"info","event":"Pushing xcom","ti":"RuntimeTaskInstance(id=UUID('019c74ef-1078-729d-b7c2-d762fb725864'), task_id='model.my_project.weather_del_ins', dag_id='combined_orchestrator', run_id='manual__2026-02-19T08:05:48+00:00', try_number=1, dag_version_id=UUID('019c74e5-d2f1-7081-bf15-71a18b1b9210'), map_index=-1, hostname='DESKTOP-BT794FD.localdomain', context_carrier={}, task=<Task(BashOperator): model.my_project.weather_del_ins>, bundle_instance=LocalDagBundle(name=dags-folder), max_tries=0, start_date=datetime.datetime(2026, 2, 19, 8, 6, 5, 728584, tzinfo=datetime.timezone.utc), end_date=None, state=<TaskInstanceState.RUNNING: 'running'>, is_mapped=False, rendered_map_index=None)","logger":"task","filename":"task_runner.py","lineno":1450}
{"timestamp":"2026-02-19T08:06:15.753303Z","level":"info","event":"Task instance in success state","logger":"task.stdout"}
{"timestamp":"2026-02-19T08:06:15.753515Z","level":"info","event":" Previous state of the Task instance: TaskInstanceState.RUNNING","logger":"task.stdout"}
{"timestamp":"2026-02-19T08:06:15.753859Z","level":"info","event":"Task operator:<Task(BashOperator): model.my_project.weather_del_ins>","logger":"task.stdout"}
