{"timestamp":"2026-02-12T14:09:28.297918Z","level":"info","event":"DAG bundles loaded: dags-folder, example_dags","logger":"airflow.dag_processing.bundles.manager.DagBundlesManager","filename":"manager.py","lineno":179}
{"timestamp":"2026-02-12T14:09:28.299790Z","level":"info","event":"Filling up the DagBag from /home/calvin/repos/dbt-postgres-airflow/airflow_snowflake/dags/dbt_dag.py","logger":"airflow.models.dagbag.BundleDagBag","filename":"dagbag.py","lineno":593}
{"timestamp":"2026-02-12T14:09:28.353333Z","level":"warning","event":"The `airflow.operators.bash.BashOperator` attribute is deprecated. Please use `'airflow.providers.standard.operators.bash.BashOperator'`.","category":"DeprecatedImportWarning","filename":"/home/calvin/repos/dbt-postgres-airflow/airflow_snowflake/dags/dbt_dag.py","lineno":3,"logger":"py.warnings"}
{"timestamp":"2026-02-12T14:09:28.685384Z","level":"info","event":"Task instance is in running state","logger":"task.stdout"}
{"timestamp":"2026-02-12T14:09:28.685734Z","level":"info","event":" Previous state of the Task instance: TaskInstanceState.QUEUED","logger":"task.stdout"}
{"timestamp":"2026-02-12T14:09:28.685942Z","level":"info","event":"Current task name:dbt_run","logger":"task.stdout"}
{"timestamp":"2026-02-12T14:09:28.686086Z","level":"info","event":"Dag name:dbt_workflow","logger":"task.stdout"}
{"timestamp":"2026-02-12T14:09:28.687551Z","level":"info","event":"Tmp dir root location: /tmp","logger":"airflow.task.hooks.airflow.providers.standard.hooks.subprocess.SubprocessHook","filename":"subprocess.py","lineno":78}
{"timestamp":"2026-02-12T14:09:28.689377Z","level":"info","event":"Running command: ['/usr/bin/bash', '-c', 'cd /home/calvin/repos/dbt-postgres-airflow/dbt/snowflake_data_project && dbt run']","logger":"airflow.task.hooks.airflow.providers.standard.hooks.subprocess.SubprocessHook","filename":"subprocess.py","lineno":80}
{"timestamp":"2026-02-12T14:09:28.691447Z","level":"info","event":"Output:","logger":"airflow.task.hooks.airflow.providers.standard.hooks.subprocess.SubprocessHook","filename":"subprocess.py","lineno":92}
{"timestamp":"2026-02-12T14:09:29.012478Z","level":"info","event":"pyenv: dbt: command not found","logger":"airflow.task.hooks.airflow.providers.standard.hooks.subprocess.SubprocessHook","filename":"subprocess.py","lineno":99}
{"timestamp":"2026-02-12T14:09:29.455468Z","level":"info","event":"","logger":"airflow.task.hooks.airflow.providers.standard.hooks.subprocess.SubprocessHook","filename":"subprocess.py","lineno":99}
{"timestamp":"2026-02-12T14:09:29.456149Z","level":"info","event":"The `dbt' command exists in these Python versions:","logger":"airflow.task.hooks.airflow.providers.standard.hooks.subprocess.SubprocessHook","filename":"subprocess.py","lineno":99}
{"timestamp":"2026-02-12T14:09:29.459171Z","level":"info","event":"  3.10.19/envs/demo_dbt","logger":"airflow.task.hooks.airflow.providers.standard.hooks.subprocess.SubprocessHook","filename":"subprocess.py","lineno":99}
{"timestamp":"2026-02-12T14:09:29.459376Z","level":"info","event":"  demo_dbt","logger":"airflow.task.hooks.airflow.providers.standard.hooks.subprocess.SubprocessHook","filename":"subprocess.py","lineno":99}
{"timestamp":"2026-02-12T14:09:29.459472Z","level":"info","event":"","logger":"airflow.task.hooks.airflow.providers.standard.hooks.subprocess.SubprocessHook","filename":"subprocess.py","lineno":99}
{"timestamp":"2026-02-12T14:09:29.459542Z","level":"info","event":"Note: See 'pyenv help global' for tips on allowing both","logger":"airflow.task.hooks.airflow.providers.standard.hooks.subprocess.SubprocessHook","filename":"subprocess.py","lineno":99}
{"timestamp":"2026-02-12T14:09:29.459640Z","level":"info","event":"      python2 and python3 to be found.","logger":"airflow.task.hooks.airflow.providers.standard.hooks.subprocess.SubprocessHook","filename":"subprocess.py","lineno":99}
{"timestamp":"2026-02-12T14:09:29.460448Z","level":"info","event":"Command exited with return code 127","logger":"airflow.task.hooks.airflow.providers.standard.hooks.subprocess.SubprocessHook","filename":"subprocess.py","lineno":103}
{"timestamp":"2026-02-12T14:09:29.460971Z","level":"error","event":"Task failed with exception","logger":"task","filename":"task_runner.py","lineno":1120,"error_detail":[{"exc_type":"AirflowException","exc_value":"Bash command failed. The command returned a non-zero exit code 127.","exc_notes":[],"syntax_error":null,"is_cause":false,"frames":[{"filename":"/home/calvin/.pyenv/versions/3.10.19/envs/airflow_snowflake_venv/lib/python3.10/site-packages/airflow/sdk/execution_time/task_runner.py","lineno":1068,"name":"run"},{"filename":"/home/calvin/.pyenv/versions/3.10.19/envs/airflow_snowflake_venv/lib/python3.10/site-packages/airflow/sdk/execution_time/task_runner.py","lineno":1477,"name":"_execute_task"},{"filename":"/home/calvin/.pyenv/versions/3.10.19/envs/airflow_snowflake_venv/lib/python3.10/site-packages/airflow/sdk/bases/operator.py","lineno":417,"name":"wrapper"},{"filename":"/home/calvin/.pyenv/versions/3.10.19/envs/airflow_snowflake_venv/lib/python3.10/site-packages/airflow/providers/standard/operators/bash.py","lineno":227,"name":"execute"}],"is_group":false,"exceptions":[]}]}
{"timestamp":"2026-02-12T14:09:29.518477Z","level":"info","event":"Task instance in failure state","logger":"task.stdout"}
{"timestamp":"2026-02-12T14:09:29.519129Z","level":"info","event":"Task start","logger":"task.stdout"}
{"timestamp":"2026-02-12T14:09:29.519511Z","level":"info","event":"Task:<Task(BashOperator): dbt_run>","logger":"task.stdout"}
{"timestamp":"2026-02-12T14:09:29.519743Z","level":"info","event":"Failure caused by Bash command failed. The command returned a non-zero exit code 127.","logger":"task.stdout"}
