{"timestamp":"2026-01-23T07:24:33.797376Z","level":"info","event":"DAG bundles loaded: dags-folder, example_dags","logger":"airflow.dag_processing.bundles.manager.DagBundlesManager","filename":"manager.py","lineno":179}
{"timestamp":"2026-01-23T07:24:33.806039Z","level":"info","event":"Filling up the DagBag from /home/calvin/repos/dbt-postgres-airflow/airflow/dags/dbt-orchestrator.py","logger":"airflow.models.dagbag.DagBag","filename":"dagbag.py","lineno":593}
{"timestamp":"2026-01-23T07:24:33.970444Z","level":"warning","event":"The `airflow.operators.bash.BashOperator` attribute is deprecated. Please use `'airflow.providers.standard.operators.bash.BashOperator'`.","category":"DeprecatedImportWarning","filename":"/home/calvin/repos/dbt-postgres-airflow/airflow/dags/dbt-orchestrator.py","lineno":12,"logger":"py.warnings"}
{"timestamp":"2026-01-23T07:24:34.710414Z","level":"info","event":"Task instance is in running state","logger":"task.stdout"}
{"timestamp":"2026-01-23T07:24:34.710975Z","level":"info","event":" Previous state of the Task instance: TaskInstanceState.QUEUED","logger":"task.stdout"}
{"timestamp":"2026-01-23T07:24:34.712366Z","level":"info","event":"Current task name:model.my_project.my_second_dbt_model","logger":"task.stdout"}
{"timestamp":"2026-01-23T07:24:34.712843Z","level":"info","event":"Dag name:dbt_orchestrator","logger":"task.stdout"}
{"timestamp":"2026-01-23T07:24:34.722075Z","level":"info","event":"Tmp dir root location: /tmp","logger":"airflow.task.hooks.airflow.providers.standard.hooks.subprocess.SubprocessHook","filename":"subprocess.py","lineno":78}
{"timestamp":"2026-01-23T07:24:34.727032Z","level":"info","event":"Running command: ['/usr/bin/bash', '-c', 'cd /home/calvin/repos/dbt-postgres-airflow/dbt/my_project && /home/calvin/.pyenv/versions/demo_dbt/bin/dbt run --select my_second_dbt_model']","logger":"airflow.task.hooks.airflow.providers.standard.hooks.subprocess.SubprocessHook","filename":"subprocess.py","lineno":80}
{"timestamp":"2026-01-23T07:24:34.737453Z","level":"info","event":"Output:","logger":"airflow.task.hooks.airflow.providers.standard.hooks.subprocess.SubprocessHook","filename":"subprocess.py","lineno":92}
{"timestamp":"2026-01-23T07:24:51.681833Z","level":"info","event":"\u001b[0m07:24:51  Running with dbt=1.11.2","logger":"airflow.task.hooks.airflow.providers.standard.hooks.subprocess.SubprocessHook","filename":"subprocess.py","lineno":99}
{"timestamp":"2026-01-23T07:24:55.193440Z","level":"info","event":"\u001b[0m07:24:55  Registered adapter: postgres=1.10.0","logger":"airflow.task.hooks.airflow.providers.standard.hooks.subprocess.SubprocessHook","filename":"subprocess.py","lineno":99}
{"timestamp":"2026-01-23T07:25:00.619228Z","level":"info","event":"\u001b[0m07:25:00  Found 2 models, 4 data tests, 464 macros","logger":"airflow.task.hooks.airflow.providers.standard.hooks.subprocess.SubprocessHook","filename":"subprocess.py","lineno":99}
{"timestamp":"2026-01-23T07:25:00.652928Z","level":"info","event":"\u001b[0m07:25:00","logger":"airflow.task.hooks.airflow.providers.standard.hooks.subprocess.SubprocessHook","filename":"subprocess.py","lineno":99}
{"timestamp":"2026-01-23T07:25:00.655047Z","level":"info","event":"\u001b[0m07:25:00  Concurrency: 1 threads (target='dev')","logger":"airflow.task.hooks.airflow.providers.standard.hooks.subprocess.SubprocessHook","filename":"subprocess.py","lineno":99}
{"timestamp":"2026-01-23T07:25:00.657494Z","level":"info","event":"\u001b[0m07:25:00","logger":"airflow.task.hooks.airflow.providers.standard.hooks.subprocess.SubprocessHook","filename":"subprocess.py","lineno":99}
{"timestamp":"2026-01-23T07:25:02.121396Z","level":"info","event":"\u001b[0m07:25:02  1 of 1 START sql view model dev.my_second_dbt_model ............................ [RUN]","logger":"airflow.task.hooks.airflow.providers.standard.hooks.subprocess.SubprocessHook","filename":"subprocess.py","lineno":99}
{"timestamp":"2026-01-23T07:25:03.571565Z","level":"info","event":"\u001b[0m07:25:03  1 of 1 OK created sql view model dev.my_second_dbt_model ....................... [\u001b[32mCREATE VIEW\u001b[0m in 1.42s]","logger":"airflow.task.hooks.airflow.providers.standard.hooks.subprocess.SubprocessHook","filename":"subprocess.py","lineno":99}
{"timestamp":"2026-01-23T07:25:03.744187Z","level":"info","event":"\u001b[0m07:25:03","logger":"airflow.task.hooks.airflow.providers.standard.hooks.subprocess.SubprocessHook","filename":"subprocess.py","lineno":99}
{"timestamp":"2026-01-23T07:25:03.748310Z","level":"info","event":"\u001b[0m07:25:03  Finished running 1 view model in 0 hours 0 minutes and 3.08 seconds (3.08s).","logger":"airflow.task.hooks.airflow.providers.standard.hooks.subprocess.SubprocessHook","filename":"subprocess.py","lineno":99}
{"timestamp":"2026-01-23T07:25:04.165251Z","level":"info","event":"\u001b[0m07:25:04","logger":"airflow.task.hooks.airflow.providers.standard.hooks.subprocess.SubprocessHook","filename":"subprocess.py","lineno":99}
{"timestamp":"2026-01-23T07:25:04.171349Z","level":"info","event":"\u001b[0m07:25:04  \u001b[32mCompleted successfully\u001b[0m","logger":"airflow.task.hooks.airflow.providers.standard.hooks.subprocess.SubprocessHook","filename":"subprocess.py","lineno":99}
{"timestamp":"2026-01-23T07:25:04.175671Z","level":"info","event":"\u001b[0m07:25:04","logger":"airflow.task.hooks.airflow.providers.standard.hooks.subprocess.SubprocessHook","filename":"subprocess.py","lineno":99}
{"timestamp":"2026-01-23T07:25:04.180076Z","level":"info","event":"\u001b[0m07:25:04  Done. PASS=1 WARN=0 ERROR=0 SKIP=0 NO-OP=0 TOTAL=1","logger":"airflow.task.hooks.airflow.providers.standard.hooks.subprocess.SubprocessHook","filename":"subprocess.py","lineno":99}
{"timestamp":"2026-01-23T07:25:15.115472Z","level":"info","event":"Command exited with return code 0","logger":"airflow.task.hooks.airflow.providers.standard.hooks.subprocess.SubprocessHook","filename":"subprocess.py","lineno":103}
{"timestamp":"2026-01-23T07:25:15.143874Z","level":"info","event":"Pushing xcom","ti":"RuntimeTaskInstance(id=UUID('019be9bc-4f8e-74a1-88da-dc34f4adf279'), task_id='model.my_project.my_second_dbt_model', dag_id='dbt_orchestrator', run_id='manual__2026-01-23T07:23:05+00:00', try_number=1, dag_version_id=UUID('019be99a-4a1a-7864-a4ea-949630e57163'), map_index=-1, hostname='DESKTOP-BT794FD.localdomain', context_carrier={}, task=<Task(BashOperator): model.my_project.my_second_dbt_model>, bundle_instance=LocalDagBundle(name=dags-folder), max_tries=0, start_date=datetime.datetime(2026, 1, 23, 7, 24, 33, 21677, tzinfo=datetime.timezone.utc), end_date=None, state=<TaskInstanceState.RUNNING: 'running'>, is_mapped=False, rendered_map_index=None)","logger":"task","filename":"task_runner.py","lineno":1450}
{"timestamp":"2026-01-23T07:25:15.827543Z","level":"info","event":"Task instance in success state","logger":"task.stdout"}
{"timestamp":"2026-01-23T07:25:15.828162Z","level":"info","event":" Previous state of the Task instance: TaskInstanceState.RUNNING","logger":"task.stdout"}
{"timestamp":"2026-01-23T07:25:15.916015Z","level":"info","event":"Task operator:<Task(BashOperator): model.my_project.my_second_dbt_model>","logger":"task.stdout"}
