{"timestamp":"2026-01-23T07:23:42.261370Z","level":"info","event":"DAG bundles loaded: dags-folder, example_dags","logger":"airflow.dag_processing.bundles.manager.DagBundlesManager","filename":"manager.py","lineno":179}
{"timestamp":"2026-01-23T07:23:42.271745Z","level":"info","event":"Filling up the DagBag from /home/calvin/repos/dbt-postgres-airflow/airflow/dags/dbt-orchestrator.py","logger":"airflow.models.dagbag.DagBag","filename":"dagbag.py","lineno":593}
{"timestamp":"2026-01-23T07:23:43.889280Z","level":"warning","event":"The `airflow.operators.bash.BashOperator` attribute is deprecated. Please use `'airflow.providers.standard.operators.bash.BashOperator'`.","category":"DeprecatedImportWarning","filename":"/home/calvin/repos/dbt-postgres-airflow/airflow/dags/dbt-orchestrator.py","lineno":12,"logger":"py.warnings"}
{"timestamp":"2026-01-23T07:23:44.744755Z","level":"info","event":"Task instance is in running state","logger":"task.stdout"}
{"timestamp":"2026-01-23T07:23:44.745320Z","level":"info","event":" Previous state of the Task instance: TaskInstanceState.QUEUED","logger":"task.stdout"}
{"timestamp":"2026-01-23T07:23:44.747918Z","level":"info","event":"Current task name:model.my_project.my_first_dbt_model","logger":"task.stdout"}
{"timestamp":"2026-01-23T07:23:44.748342Z","level":"info","event":"Dag name:dbt_orchestrator","logger":"task.stdout"}
{"timestamp":"2026-01-23T07:23:44.830279Z","level":"info","event":"Tmp dir root location: /tmp","logger":"airflow.task.hooks.airflow.providers.standard.hooks.subprocess.SubprocessHook","filename":"subprocess.py","lineno":78}
{"timestamp":"2026-01-23T07:23:44.871396Z","level":"info","event":"Running command: ['/usr/bin/bash', '-c', 'cd /home/calvin/repos/dbt-postgres-airflow/dbt/my_project && /home/calvin/.pyenv/versions/demo_dbt/bin/dbt run --select my_first_dbt_model']","logger":"airflow.task.hooks.airflow.providers.standard.hooks.subprocess.SubprocessHook","filename":"subprocess.py","lineno":80}
{"timestamp":"2026-01-23T07:23:44.910093Z","level":"info","event":"Output:","logger":"airflow.task.hooks.airflow.providers.standard.hooks.subprocess.SubprocessHook","filename":"subprocess.py","lineno":92}
{"timestamp":"2026-01-23T07:24:07.044857Z","level":"info","event":"\u001b[0m07:24:07  Running with dbt=1.11.2","logger":"airflow.task.hooks.airflow.providers.standard.hooks.subprocess.SubprocessHook","filename":"subprocess.py","lineno":99}
{"timestamp":"2026-01-23T07:24:10.257009Z","level":"info","event":"\u001b[0m07:24:10  Registered adapter: postgres=1.10.0","logger":"airflow.task.hooks.airflow.providers.standard.hooks.subprocess.SubprocessHook","filename":"subprocess.py","lineno":99}
{"timestamp":"2026-01-23T07:24:14.937321Z","level":"info","event":"\u001b[0m07:24:14  Found 2 models, 4 data tests, 464 macros","logger":"airflow.task.hooks.airflow.providers.standard.hooks.subprocess.SubprocessHook","filename":"subprocess.py","lineno":99}
{"timestamp":"2026-01-23T07:24:14.946453Z","level":"info","event":"\u001b[0m07:24:14","logger":"airflow.task.hooks.airflow.providers.standard.hooks.subprocess.SubprocessHook","filename":"subprocess.py","lineno":99}
{"timestamp":"2026-01-23T07:24:14.955200Z","level":"info","event":"\u001b[0m07:24:14  Concurrency: 1 threads (target='dev')","logger":"airflow.task.hooks.airflow.providers.standard.hooks.subprocess.SubprocessHook","filename":"subprocess.py","lineno":99}
{"timestamp":"2026-01-23T07:24:14.957378Z","level":"info","event":"\u001b[0m07:24:14","logger":"airflow.task.hooks.airflow.providers.standard.hooks.subprocess.SubprocessHook","filename":"subprocess.py","lineno":99}
{"timestamp":"2026-01-23T07:24:16.333388Z","level":"info","event":"\u001b[0m07:24:16  1 of 1 START sql table model dev.my_first_dbt_model ............................ [RUN]","logger":"airflow.task.hooks.airflow.providers.standard.hooks.subprocess.SubprocessHook","filename":"subprocess.py","lineno":99}
{"timestamp":"2026-01-23T07:24:17.775769Z","level":"info","event":"\u001b[0m07:24:17  1 of 1 OK created sql table model dev.my_first_dbt_model ....................... [\u001b[32mSELECT 2\u001b[0m in 1.43s]","logger":"airflow.task.hooks.airflow.providers.standard.hooks.subprocess.SubprocessHook","filename":"subprocess.py","lineno":99}
{"timestamp":"2026-01-23T07:24:17.915689Z","level":"info","event":"\u001b[0m07:24:17","logger":"airflow.task.hooks.airflow.providers.standard.hooks.subprocess.SubprocessHook","filename":"subprocess.py","lineno":99}
{"timestamp":"2026-01-23T07:24:17.920496Z","level":"info","event":"\u001b[0m07:24:17  Finished running 1 table model in 0 hours 0 minutes and 2.96 seconds (2.96s).","logger":"airflow.task.hooks.airflow.providers.standard.hooks.subprocess.SubprocessHook","filename":"subprocess.py","lineno":99}
{"timestamp":"2026-01-23T07:24:18.288634Z","level":"info","event":"\u001b[0m07:24:18","logger":"airflow.task.hooks.airflow.providers.standard.hooks.subprocess.SubprocessHook","filename":"subprocess.py","lineno":99}
{"timestamp":"2026-01-23T07:24:18.303926Z","level":"info","event":"\u001b[0m07:24:18  \u001b[32mCompleted successfully\u001b[0m","logger":"airflow.task.hooks.airflow.providers.standard.hooks.subprocess.SubprocessHook","filename":"subprocess.py","lineno":99}
{"timestamp":"2026-01-23T07:24:18.315427Z","level":"info","event":"\u001b[0m07:24:18","logger":"airflow.task.hooks.airflow.providers.standard.hooks.subprocess.SubprocessHook","filename":"subprocess.py","lineno":99}
{"timestamp":"2026-01-23T07:24:18.320024Z","level":"info","event":"\u001b[0m07:24:18  Done. PASS=1 WARN=0 ERROR=0 SKIP=0 NO-OP=0 TOTAL=1","logger":"airflow.task.hooks.airflow.providers.standard.hooks.subprocess.SubprocessHook","filename":"subprocess.py","lineno":99}
{"timestamp":"2026-01-23T07:24:29.361621Z","level":"info","event":"Command exited with return code 0","logger":"airflow.task.hooks.airflow.providers.standard.hooks.subprocess.SubprocessHook","filename":"subprocess.py","lineno":103}
{"timestamp":"2026-01-23T07:24:29.368144Z","level":"info","event":"Pushing xcom","ti":"RuntimeTaskInstance(id=UUID('019be9bc-4f85-7c8c-9403-c684477dcbf9'), task_id='model.my_project.my_first_dbt_model', dag_id='dbt_orchestrator', run_id='manual__2026-01-23T07:23:05+00:00', try_number=1, dag_version_id=UUID('019be99a-4a1a-7864-a4ea-949630e57163'), map_index=-1, hostname='DESKTOP-BT794FD.localdomain', context_carrier={}, task=<Task(BashOperator): model.my_project.my_first_dbt_model>, bundle_instance=LocalDagBundle(name=dags-folder), max_tries=0, start_date=datetime.datetime(2026, 1, 23, 7, 23, 24, 857869, tzinfo=datetime.timezone.utc), end_date=None, state=<TaskInstanceState.RUNNING: 'running'>, is_mapped=False, rendered_map_index=None)","logger":"task","filename":"task_runner.py","lineno":1450}
{"timestamp":"2026-01-23T07:24:29.653380Z","level":"info","event":"Task instance in success state","logger":"task.stdout"}
{"timestamp":"2026-01-23T07:24:29.653860Z","level":"info","event":" Previous state of the Task instance: TaskInstanceState.RUNNING","logger":"task.stdout"}
{"timestamp":"2026-01-23T07:24:29.654712Z","level":"info","event":"Task operator:<Task(BashOperator): model.my_project.my_first_dbt_model>","logger":"task.stdout"}
