{"timestamp":"2026-02-01T09:18:33.844604Z","level":"info","event":"DAG bundles loaded: dags-folder, example_dags","logger":"airflow.dag_processing.bundles.manager.DagBundlesManager","filename":"manager.py","lineno":179}
{"timestamp":"2026-02-01T09:18:33.865875Z","level":"info","event":"Filling up the DagBag from /home/calvin/repos/dbt-postgres-airflow/airflow/dags/combined_orchestrator.py","logger":"airflow.models.dagbag.DagBag","filename":"dagbag.py","lineno":593}
{"timestamp":"2026-02-01T09:18:34.469526Z","level":"warning","event":"The `airflow.operators.bash.BashOperator` attribute is deprecated. Please use `'airflow.providers.standard.operators.bash.BashOperator'`.","category":"DeprecatedImportWarning","filename":"/home/calvin/repos/dbt-postgres-airflow/airflow/dags/combined_orchestrator.py","lineno":10,"logger":"py.warnings"}
{"timestamp":"2026-02-01T09:18:34.470082Z","level":"warning","event":"The `airflow.operators.python.PythonOperator` attribute is deprecated. Please use `'airflow.providers.standard.operators.python.PythonOperator'`.","category":"DeprecatedImportWarning","filename":"/home/calvin/repos/dbt-postgres-airflow/airflow/dags/combined_orchestrator.py","lineno":11,"logger":"py.warnings"}
{"timestamp":"2026-02-01T09:18:35.103052Z","level":"info","event":"Task instance is in running state","logger":"task.stdout"}
{"timestamp":"2026-02-01T09:18:35.103503Z","level":"info","event":" Previous state of the Task instance: TaskInstanceState.QUEUED","logger":"task.stdout"}
{"timestamp":"2026-02-01T09:18:35.103897Z","level":"info","event":"Current task name:model.my_project.stg_weather_report","logger":"task.stdout"}
{"timestamp":"2026-02-01T09:18:35.104206Z","level":"info","event":"Dag name:combined_orchestrator","logger":"task.stdout"}
{"timestamp":"2026-02-01T09:18:35.111680Z","level":"info","event":"Tmp dir root location: /tmp","logger":"airflow.task.hooks.airflow.providers.standard.hooks.subprocess.SubprocessHook","filename":"subprocess.py","lineno":78}
{"timestamp":"2026-02-01T09:18:35.122229Z","level":"info","event":"Running command: ['/usr/bin/bash', '-c', 'cd /home/calvin/repos/dbt-postgres-airflow/dbt/my_project && /home/calvin/.pyenv/versions/demo_dbt/bin/dbt run --select stg_weather_report']","logger":"airflow.task.hooks.airflow.providers.standard.hooks.subprocess.SubprocessHook","filename":"subprocess.py","lineno":80}
{"timestamp":"2026-02-01T09:18:35.139028Z","level":"info","event":"Output:","logger":"airflow.task.hooks.airflow.providers.standard.hooks.subprocess.SubprocessHook","filename":"subprocess.py","lineno":92}
{"timestamp":"2026-02-01T09:19:02.933727Z","level":"info","event":"\u001b[0m09:19:02  Running with dbt=1.11.2","logger":"airflow.task.hooks.airflow.providers.standard.hooks.subprocess.SubprocessHook","filename":"subprocess.py","lineno":99}
{"timestamp":"2026-02-01T09:19:05.970167Z","level":"info","event":"\u001b[0m09:19:05  Registered adapter: postgres=1.10.0","logger":"airflow.task.hooks.airflow.providers.standard.hooks.subprocess.SubprocessHook","filename":"subprocess.py","lineno":99}
{"timestamp":"2026-02-01T09:19:07.557875Z","level":"info","event":"\u001b[0m09:19:07  [\u001b[33mWARNING\u001b[0m]: Configuration paths exist in your dbt_project.yml file which do not apply to any resources.","logger":"airflow.task.hooks.airflow.providers.standard.hooks.subprocess.SubprocessHook","filename":"subprocess.py","lineno":99}
{"timestamp":"2026-02-01T09:19:07.558235Z","level":"info","event":"There are 1 unused configuration paths:","logger":"airflow.task.hooks.airflow.providers.standard.hooks.subprocess.SubprocessHook","filename":"subprocess.py","lineno":99}
{"timestamp":"2026-02-01T09:19:07.558490Z","level":"info","event":"- models.my_project.example","logger":"airflow.task.hooks.airflow.providers.standard.hooks.subprocess.SubprocessHook","filename":"subprocess.py","lineno":99}
{"timestamp":"2026-02-01T09:19:10.586109Z","level":"info","event":"\u001b[0m09:19:10  Found 3 models, 1 source, 465 macros","logger":"airflow.task.hooks.airflow.providers.standard.hooks.subprocess.SubprocessHook","filename":"subprocess.py","lineno":99}
{"timestamp":"2026-02-01T09:19:10.610306Z","level":"info","event":"\u001b[0m09:19:10","logger":"airflow.task.hooks.airflow.providers.standard.hooks.subprocess.SubprocessHook","filename":"subprocess.py","lineno":99}
{"timestamp":"2026-02-01T09:19:10.618691Z","level":"info","event":"\u001b[0m09:19:10  Concurrency: 1 threads (target='dev')","logger":"airflow.task.hooks.airflow.providers.standard.hooks.subprocess.SubprocessHook","filename":"subprocess.py","lineno":99}
{"timestamp":"2026-02-01T09:19:10.629015Z","level":"info","event":"\u001b[0m09:19:10","logger":"airflow.task.hooks.airflow.providers.standard.hooks.subprocess.SubprocessHook","filename":"subprocess.py","lineno":99}
{"timestamp":"2026-02-01T09:19:12.982304Z","level":"info","event":"\u001b[0m09:19:12  1 of 1 START sql view model dev.stg_weather_report ............................. [RUN]","logger":"airflow.task.hooks.airflow.providers.standard.hooks.subprocess.SubprocessHook","filename":"subprocess.py","lineno":99}
{"timestamp":"2026-02-01T09:19:19.402864Z","level":"info","event":"\u001b[0m09:19:19  1 of 1 ERROR creating sql view model dev.stg_weather_report .................... [\u001b[31mERROR\u001b[0m in 6.39s]","logger":"airflow.task.hooks.airflow.providers.standard.hooks.subprocess.SubprocessHook","filename":"subprocess.py","lineno":99}
{"timestamp":"2026-02-01T09:19:19.533542Z","level":"info","event":"\u001b[0m09:19:19","logger":"airflow.task.hooks.airflow.providers.standard.hooks.subprocess.SubprocessHook","filename":"subprocess.py","lineno":99}
{"timestamp":"2026-02-01T09:19:19.534179Z","level":"info","event":"\u001b[0m09:19:19  Finished running 1 view model in 0 hours 0 minutes and 8.90 seconds (8.90s).","logger":"airflow.task.hooks.airflow.providers.standard.hooks.subprocess.SubprocessHook","filename":"subprocess.py","lineno":99}
{"timestamp":"2026-02-01T09:19:19.982222Z","level":"info","event":"\u001b[0m09:19:19","logger":"airflow.task.hooks.airflow.providers.standard.hooks.subprocess.SubprocessHook","filename":"subprocess.py","lineno":99}
{"timestamp":"2026-02-01T09:19:19.987304Z","level":"info","event":"\u001b[0m09:19:19  \u001b[31mCompleted with 1 error, 0 partial successes, and 0 warnings:\u001b[0m","logger":"airflow.task.hooks.airflow.providers.standard.hooks.subprocess.SubprocessHook","filename":"subprocess.py","lineno":99}
{"timestamp":"2026-02-01T09:19:19.991566Z","level":"info","event":"\u001b[0m09:19:19","logger":"airflow.task.hooks.airflow.providers.standard.hooks.subprocess.SubprocessHook","filename":"subprocess.py","lineno":99}
{"timestamp":"2026-02-01T09:19:19.997419Z","level":"info","event":"\u001b[0m09:19:19  \u001b[31mFailure in model stg_weather_report (models/staging/stg_weather_report.sql)\u001b[0m","logger":"airflow.task.hooks.airflow.providers.standard.hooks.subprocess.SubprocessHook","filename":"subprocess.py","lineno":99}
{"timestamp":"2026-02-01T09:19:20.017576Z","level":"info","event":"\u001b[0m09:19:20    Database Error in model stg_weather_report (models/staging/stg_weather_report.sql)","logger":"airflow.task.hooks.airflow.providers.standard.hooks.subprocess.SubprocessHook","filename":"subprocess.py","lineno":99}
{"timestamp":"2026-02-01T09:19:20.018024Z","level":"info","event":"  relation \"stg_weather_report__dbt_backup\" already exists","logger":"airflow.task.hooks.airflow.providers.standard.hooks.subprocess.SubprocessHook","filename":"subprocess.py","lineno":99}
{"timestamp":"2026-02-01T09:19:20.018316Z","level":"info","event":"  compiled code at target/run/my_project/models/staging/stg_weather_report.sql","logger":"airflow.task.hooks.airflow.providers.standard.hooks.subprocess.SubprocessHook","filename":"subprocess.py","lineno":99}
{"timestamp":"2026-02-01T09:19:20.031761Z","level":"info","event":"\u001b[0m09:19:20","logger":"airflow.task.hooks.airflow.providers.standard.hooks.subprocess.SubprocessHook","filename":"subprocess.py","lineno":99}
{"timestamp":"2026-02-01T09:19:20.033695Z","level":"info","event":"\u001b[0m09:19:20    compiled code at target/compiled/my_project/models/staging/stg_weather_report.sql","logger":"airflow.task.hooks.airflow.providers.standard.hooks.subprocess.SubprocessHook","filename":"subprocess.py","lineno":99}
{"timestamp":"2026-02-01T09:19:20.037671Z","level":"info","event":"\u001b[0m09:19:20","logger":"airflow.task.hooks.airflow.providers.standard.hooks.subprocess.SubprocessHook","filename":"subprocess.py","lineno":99}
{"timestamp":"2026-02-01T09:19:20.042919Z","level":"info","event":"\u001b[0m09:19:20  Done. PASS=0 WARN=0 ERROR=1 SKIP=0 NO-OP=0 TOTAL=1","logger":"airflow.task.hooks.airflow.providers.standard.hooks.subprocess.SubprocessHook","filename":"subprocess.py","lineno":99}
{"timestamp":"2026-02-01T09:19:22.957992Z","level":"info","event":"Command exited with return code 1","logger":"airflow.task.hooks.airflow.providers.standard.hooks.subprocess.SubprocessHook","filename":"subprocess.py","lineno":103}
{"timestamp":"2026-02-01T09:19:22.960174Z","level":"error","event":"Task failed with exception","logger":"task","filename":"task_runner.py","lineno":1056,"error_detail":[{"exc_type":"AirflowException","exc_value":"Bash command failed. The command returned a non-zero exit code 1.","exc_notes":[],"syntax_error":null,"is_cause":false,"frames":[{"filename":"/home/calvin/.pyenv/versions/3.10.19/envs/demo_airflow/lib/python3.10/site-packages/airflow/sdk/execution_time/task_runner.py","lineno":1004,"name":"run"},{"filename":"/home/calvin/.pyenv/versions/3.10.19/envs/demo_airflow/lib/python3.10/site-packages/airflow/sdk/execution_time/task_runner.py","lineno":1405,"name":"_execute_task"},{"filename":"/home/calvin/.pyenv/versions/3.10.19/envs/demo_airflow/lib/python3.10/site-packages/airflow/sdk/bases/operator.py","lineno":417,"name":"wrapper"},{"filename":"/home/calvin/.pyenv/versions/3.10.19/envs/demo_airflow/lib/python3.10/site-packages/airflow/providers/standard/operators/bash.py","lineno":227,"name":"execute"}],"is_group":false,"exceptions":[]}]}
{"timestamp":"2026-02-01T09:19:22.974957Z","level":"info","event":"Task instance in failure state","logger":"task.stdout"}
{"timestamp":"2026-02-01T09:19:22.975452Z","level":"info","event":"Task start","logger":"task.stdout"}
{"timestamp":"2026-02-01T09:19:22.975846Z","level":"info","event":"Task:<Task(BashOperator): model.my_project.stg_weather_report>","logger":"task.stdout"}
{"timestamp":"2026-02-01T09:19:22.976150Z","level":"info","event":"Failure caused by Bash command failed. The command returned a non-zero exit code 1.","logger":"task.stdout"}
