{"timestamp":"2026-02-19T08:05:52.044666Z","level":"info","event":"DAG bundles loaded: dags-folder, example_dags","logger":"airflow.dag_processing.bundles.manager.DagBundlesManager","filename":"manager.py","lineno":179}
{"timestamp":"2026-02-19T08:05:52.051922Z","level":"info","event":"Filling up the DagBag from /home/calvin/repos/dbt-postgres-airflow/airflow/dags/combined_orchestrator.py","logger":"airflow.models.dagbag.DagBag","filename":"dagbag.py","lineno":593}
{"timestamp":"2026-02-19T08:05:52.972248Z","level":"warning","event":"The `airflow.operators.bash.BashOperator` attribute is deprecated. Please use `'airflow.providers.standard.operators.bash.BashOperator'`.","category":"DeprecatedImportWarning","filename":"/home/calvin/repos/dbt-postgres-airflow/airflow/dags/combined_orchestrator.py","lineno":10,"logger":"py.warnings"}
{"timestamp":"2026-02-19T08:05:52.972495Z","level":"warning","event":"The `airflow.operators.python.PythonOperator` attribute is deprecated. Please use `'airflow.providers.standard.operators.python.PythonOperator'`.","category":"DeprecatedImportWarning","filename":"/home/calvin/repos/dbt-postgres-airflow/airflow/dags/combined_orchestrator.py","lineno":11,"logger":"py.warnings"}
{"timestamp":"2026-02-19T08:05:53.099465Z","level":"info","event":"Task instance is in running state","logger":"task.stdout"}
{"timestamp":"2026-02-19T08:05:53.099863Z","level":"info","event":" Previous state of the Task instance: TaskInstanceState.QUEUED","logger":"task.stdout"}
{"timestamp":"2026-02-19T08:05:53.100368Z","level":"info","event":"Current task name:ingest_weather_data","logger":"task.stdout"}
{"timestamp":"2026-02-19T08:05:53.100671Z","level":"info","event":"Dag name:combined_orchestrator","logger":"task.stdout"}
{"timestamp":"2026-02-19T08:05:53.136471Z","level":"info","event":"Starting weather data ETL process","logger":"helper_functions","filename":"helper_functions.py","lineno":105}
{"timestamp":"2026-02-19T08:05:53.138284Z","level":"info","event":"Fetching weatherd data from Weatherstack API...","logger":"helper_functions","filename":"helper_functions.py","lineno":22}
{"timestamp":"2026-02-19T08:05:53.402409Z","level":"info","event":"API response received sucessfully.","logger":"helper_functions","filename":"helper_functions.py","lineno":26}
{"timestamp":"2026-02-19T08:05:53.406965Z","level":"info","event":"Connecting to the PostgresSQL database...","logger":"helper_functions","filename":"helper_functions.py","lineno":34}
{"timestamp":"2026-02-19T08:05:53.507984Z","level":"info","event":"Database Connection is established.","logger":"helper_functions","filename":"helper_functions.py","lineno":43}
{"timestamp":"2026-02-19T08:05:53.508398Z","level":"info","event":"Creating schema and table if not exist...","logger":"helper_functions","filename":"helper_functions.py","lineno":50}
{"timestamp":"2026-02-19T08:05:53.514116Z","level":"info","event":"schema and table ensured.","logger":"helper_functions","filename":"helper_functions.py","lineno":67}
{"timestamp":"2026-02-19T08:05:53.514752Z","level":"info","event":"Inserting weather data into the database...","logger":"helper_functions","filename":"helper_functions.py","lineno":73}
{"timestamp":"2026-02-19T08:05:53.515153Z","level":"info","event":"Prepqring insert for city : New York","logger":"helper_functions","filename":"helper_functions.py","lineno":78}
{"timestamp":"2026-02-19T08:05:53.536522Z","level":"info","event":"insert successfully completed.","logger":"helper_functions","filename":"helper_functions.py","lineno":98}
{"timestamp":"2026-02-19T08:05:53.536873Z","level":"info","event":"Database connection closed","logger":"helper_functions","filename":"helper_functions.py","lineno":115}
{"timestamp":"2026-02-19T08:05:53.537978Z","level":"info","event":"Done. Returned value was: None","logger":"airflow.task.operators.airflow.providers.standard.operators.python.PythonOperator","filename":"python.py","lineno":216}
{"timestamp":"2026-02-19T08:05:53.644249Z","level":"info","event":"Task instance in success state","logger":"task.stdout"}
{"timestamp":"2026-02-19T08:05:53.644655Z","level":"info","event":" Previous state of the Task instance: TaskInstanceState.RUNNING","logger":"task.stdout"}
{"timestamp":"2026-02-19T08:05:53.646007Z","level":"info","event":"Task operator:<Task(PythonOperator): ingest_weather_data>","logger":"task.stdout"}
