{"timestamp":"2026-02-01T09:46:22.643495Z","level":"info","event":"DAG bundles loaded: dags-folder, example_dags","logger":"airflow.dag_processing.bundles.manager.DagBundlesManager","filename":"manager.py","lineno":179}
{"timestamp":"2026-02-01T09:46:22.652046Z","level":"info","event":"Filling up the DagBag from /home/calvin/repos/dbt-postgres-airflow/airflow/dags/combined_orchestrator.py","logger":"airflow.models.dagbag.DagBag","filename":"dagbag.py","lineno":593}
{"timestamp":"2026-02-01T09:46:23.237189Z","level":"warning","event":"The `airflow.operators.bash.BashOperator` attribute is deprecated. Please use `'airflow.providers.standard.operators.bash.BashOperator'`.","category":"DeprecatedImportWarning","filename":"/home/calvin/repos/dbt-postgres-airflow/airflow/dags/combined_orchestrator.py","lineno":10,"logger":"py.warnings"}
{"timestamp":"2026-02-01T09:46:23.239292Z","level":"warning","event":"The `airflow.operators.python.PythonOperator` attribute is deprecated. Please use `'airflow.providers.standard.operators.python.PythonOperator'`.","category":"DeprecatedImportWarning","filename":"/home/calvin/repos/dbt-postgres-airflow/airflow/dags/combined_orchestrator.py","lineno":11,"logger":"py.warnings"}
{"timestamp":"2026-02-01T09:46:23.879194Z","level":"info","event":"Task instance is in running state","logger":"task.stdout"}
{"timestamp":"2026-02-01T09:46:23.879660Z","level":"info","event":" Previous state of the Task instance: TaskInstanceState.QUEUED","logger":"task.stdout"}
{"timestamp":"2026-02-01T09:46:23.891097Z","level":"info","event":"Current task name:model.my_project.stg_weather_report","logger":"task.stdout"}
{"timestamp":"2026-02-01T09:46:23.894036Z","level":"info","event":"Dag name:combined_orchestrator","logger":"task.stdout"}
{"timestamp":"2026-02-01T09:46:23.888781Z","level":"info","event":"Tmp dir root location: /tmp","logger":"airflow.task.hooks.airflow.providers.standard.hooks.subprocess.SubprocessHook","filename":"subprocess.py","lineno":78}
{"timestamp":"2026-02-01T09:46:23.913136Z","level":"info","event":"Running command: ['/usr/bin/bash', '-c', 'cd /home/calvin/repos/dbt-postgres-airflow/dbt/my_project && /home/calvin/.pyenv/versions/demo_dbt/bin/dbt run --select stg_weather_report']","logger":"airflow.task.hooks.airflow.providers.standard.hooks.subprocess.SubprocessHook","filename":"subprocess.py","lineno":80}
{"timestamp":"2026-02-01T09:46:23.948575Z","level":"info","event":"Output:","logger":"airflow.task.hooks.airflow.providers.standard.hooks.subprocess.SubprocessHook","filename":"subprocess.py","lineno":92}
{"timestamp":"2026-02-01T09:46:43.129672Z","level":"info","event":"\u001b[0m09:46:43  Running with dbt=1.11.2","logger":"airflow.task.hooks.airflow.providers.standard.hooks.subprocess.SubprocessHook","filename":"subprocess.py","lineno":99}
{"timestamp":"2026-02-01T09:46:47.068240Z","level":"info","event":"\u001b[0m09:46:47  Registered adapter: postgres=1.10.0","logger":"airflow.task.hooks.airflow.providers.standard.hooks.subprocess.SubprocessHook","filename":"subprocess.py","lineno":99}
{"timestamp":"2026-02-01T09:46:50.790405Z","level":"info","event":"\u001b[0m09:46:50  [\u001b[33mWARNING\u001b[0m]: Configuration paths exist in your dbt_project.yml file which do not apply to any resources.","logger":"airflow.task.hooks.airflow.providers.standard.hooks.subprocess.SubprocessHook","filename":"subprocess.py","lineno":99}
{"timestamp":"2026-02-01T09:46:50.790863Z","level":"info","event":"There are 1 unused configuration paths:","logger":"airflow.task.hooks.airflow.providers.standard.hooks.subprocess.SubprocessHook","filename":"subprocess.py","lineno":99}
{"timestamp":"2026-02-01T09:46:50.791159Z","level":"info","event":"- models.my_project.example","logger":"airflow.task.hooks.airflow.providers.standard.hooks.subprocess.SubprocessHook","filename":"subprocess.py","lineno":99}
{"timestamp":"2026-02-01T09:46:52.916171Z","level":"info","event":"\u001b[0m09:46:52  Found 3 models, 1 source, 465 macros","logger":"airflow.task.hooks.airflow.providers.standard.hooks.subprocess.SubprocessHook","filename":"subprocess.py","lineno":99}
{"timestamp":"2026-02-01T09:46:52.954337Z","level":"info","event":"\u001b[0m09:46:52","logger":"airflow.task.hooks.airflow.providers.standard.hooks.subprocess.SubprocessHook","filename":"subprocess.py","lineno":99}
{"timestamp":"2026-02-01T09:46:52.972173Z","level":"info","event":"\u001b[0m09:46:52  Concurrency: 1 threads (target='dev')","logger":"airflow.task.hooks.airflow.providers.standard.hooks.subprocess.SubprocessHook","filename":"subprocess.py","lineno":99}
{"timestamp":"2026-02-01T09:46:52.972668Z","level":"info","event":"\u001b[0m09:46:52","logger":"airflow.task.hooks.airflow.providers.standard.hooks.subprocess.SubprocessHook","filename":"subprocess.py","lineno":99}
{"timestamp":"2026-02-01T09:46:55.136886Z","level":"info","event":"\u001b[0m09:46:55  1 of 1 START sql view model dev.stg_weather_report ............................. [RUN]","logger":"airflow.task.hooks.airflow.providers.standard.hooks.subprocess.SubprocessHook","filename":"subprocess.py","lineno":99}
{"timestamp":"2026-02-01T09:46:56.406491Z","level":"info","event":"\u001b[0m09:46:56  1 of 1 OK created sql view model dev.stg_weather_report ........................ [\u001b[32mCREATE VIEW\u001b[0m in 1.23s]","logger":"airflow.task.hooks.airflow.providers.standard.hooks.subprocess.SubprocessHook","filename":"subprocess.py","lineno":99}
{"timestamp":"2026-02-01T09:46:56.552108Z","level":"info","event":"\u001b[0m09:46:56","logger":"airflow.task.hooks.airflow.providers.standard.hooks.subprocess.SubprocessHook","filename":"subprocess.py","lineno":99}
{"timestamp":"2026-02-01T09:46:56.556108Z","level":"info","event":"\u001b[0m09:46:56  Finished running 1 view model in 0 hours 0 minutes and 3.57 seconds (3.57s).","logger":"airflow.task.hooks.airflow.providers.standard.hooks.subprocess.SubprocessHook","filename":"subprocess.py","lineno":99}
{"timestamp":"2026-02-01T09:46:56.948452Z","level":"info","event":"\u001b[0m09:46:56","logger":"airflow.task.hooks.airflow.providers.standard.hooks.subprocess.SubprocessHook","filename":"subprocess.py","lineno":99}
{"timestamp":"2026-02-01T09:46:56.953604Z","level":"info","event":"\u001b[0m09:46:56  \u001b[32mCompleted successfully\u001b[0m","logger":"airflow.task.hooks.airflow.providers.standard.hooks.subprocess.SubprocessHook","filename":"subprocess.py","lineno":99}
{"timestamp":"2026-02-01T09:46:56.957365Z","level":"info","event":"\u001b[0m09:46:56","logger":"airflow.task.hooks.airflow.providers.standard.hooks.subprocess.SubprocessHook","filename":"subprocess.py","lineno":99}
{"timestamp":"2026-02-01T09:46:56.969057Z","level":"info","event":"\u001b[0m09:46:56  Done. PASS=1 WARN=0 ERROR=0 SKIP=0 NO-OP=0 TOTAL=1","logger":"airflow.task.hooks.airflow.providers.standard.hooks.subprocess.SubprocessHook","filename":"subprocess.py","lineno":99}
{"timestamp":"2026-02-01T09:46:58.767969Z","level":"info","event":"Command exited with return code 0","logger":"airflow.task.hooks.airflow.providers.standard.hooks.subprocess.SubprocessHook","filename":"subprocess.py","lineno":103}
{"timestamp":"2026-02-01T09:46:58.772545Z","level":"info","event":"Pushing xcom","ti":"RuntimeTaskInstance(id=UUID('019c1898-8ac8-72ed-a391-d035c326fdaa'), task_id='model.my_project.stg_weather_report', dag_id='combined_orchestrator', run_id='manual__2026-02-01T09:46:13+00:00', try_number=1, dag_version_id=UUID('019c187e-a70e-7cbb-a897-72c2fe512672'), map_index=-1, hostname='DESKTOP-BT794FD.localdomain', context_carrier={}, task=<Task(BashOperator): model.my_project.stg_weather_report>, bundle_instance=LocalDagBundle(name=dags-folder), max_tries=0, start_date=datetime.datetime(2026, 2, 1, 9, 46, 22, 401499, tzinfo=datetime.timezone.utc), end_date=None, state=<TaskInstanceState.RUNNING: 'running'>, is_mapped=False, rendered_map_index=None)","logger":"task","filename":"task_runner.py","lineno":1450}
{"timestamp":"2026-02-01T09:46:59.140420Z","level":"info","event":"Task instance in success state","logger":"task.stdout"}
{"timestamp":"2026-02-01T09:46:59.140801Z","level":"info","event":" Previous state of the Task instance: TaskInstanceState.RUNNING","logger":"task.stdout"}
{"timestamp":"2026-02-01T09:46:59.141050Z","level":"info","event":"Task operator:<Task(BashOperator): model.my_project.stg_weather_report>","logger":"task.stdout"}
