{"timestamp":"2026-02-01T09:00:33.497209Z","level":"info","event":"DAG bundles loaded: dags-folder, example_dags","logger":"airflow.dag_processing.bundles.manager.DagBundlesManager","filename":"manager.py","lineno":179}
{"timestamp":"2026-02-01T09:00:33.505039Z","level":"info","event":"Filling up the DagBag from /home/calvin/repos/dbt-postgres-airflow/airflow/dags/dbt-orchestrator.py","logger":"airflow.models.dagbag.DagBag","filename":"dagbag.py","lineno":593}
{"timestamp":"2026-02-01T09:00:33.668110Z","level":"warning","event":"The `airflow.operators.bash.BashOperator` attribute is deprecated. Please use `'airflow.providers.standard.operators.bash.BashOperator'`.","category":"DeprecatedImportWarning","filename":"/home/calvin/repos/dbt-postgres-airflow/airflow/dags/dbt-orchestrator.py","lineno":12,"logger":"py.warnings"}
{"timestamp":"2026-02-01T09:00:33.974878Z","level":"info","event":"Task instance is in running state","logger":"task.stdout"}
{"timestamp":"2026-02-01T09:00:33.975459Z","level":"info","event":" Previous state of the Task instance: TaskInstanceState.QUEUED","logger":"task.stdout"}
{"timestamp":"2026-02-01T09:00:33.975856Z","level":"info","event":"Current task name:model.my_project.weather_merge_ins","logger":"task.stdout"}
{"timestamp":"2026-02-01T09:00:33.976172Z","level":"info","event":"Dag name:dbt_orchestrator","logger":"task.stdout"}
{"timestamp":"2026-02-01T09:00:33.978504Z","level":"info","event":"Tmp dir root location: /tmp","logger":"airflow.task.hooks.airflow.providers.standard.hooks.subprocess.SubprocessHook","filename":"subprocess.py","lineno":78}
{"timestamp":"2026-02-01T09:00:33.981266Z","level":"info","event":"Running command: ['/usr/bin/bash', '-c', 'cd /home/calvin/repos/dbt-postgres-airflow/dbt/my_project && /home/calvin/.pyenv/versions/demo_dbt/bin/dbt run --select weather_merge_ins']","logger":"airflow.task.hooks.airflow.providers.standard.hooks.subprocess.SubprocessHook","filename":"subprocess.py","lineno":80}
{"timestamp":"2026-02-01T09:00:33.985008Z","level":"info","event":"Output:","logger":"airflow.task.hooks.airflow.providers.standard.hooks.subprocess.SubprocessHook","filename":"subprocess.py","lineno":92}
{"timestamp":"2026-02-01T09:00:51.373502Z","level":"info","event":"\u001b[0m09:00:51  Running with dbt=1.11.2","logger":"airflow.task.hooks.airflow.providers.standard.hooks.subprocess.SubprocessHook","filename":"subprocess.py","lineno":99}
{"timestamp":"2026-02-01T09:00:54.127729Z","level":"info","event":"\u001b[0m09:00:54  Registered adapter: postgres=1.10.0","logger":"airflow.task.hooks.airflow.providers.standard.hooks.subprocess.SubprocessHook","filename":"subprocess.py","lineno":99}
{"timestamp":"2026-02-01T09:00:56.141669Z","level":"info","event":"\u001b[0m09:00:56  [\u001b[33mWARNING\u001b[0m]: Configuration paths exist in your dbt_project.yml file which do not apply to any resources.","logger":"airflow.task.hooks.airflow.providers.standard.hooks.subprocess.SubprocessHook","filename":"subprocess.py","lineno":99}
{"timestamp":"2026-02-01T09:00:56.142053Z","level":"info","event":"There are 1 unused configuration paths:","logger":"airflow.task.hooks.airflow.providers.standard.hooks.subprocess.SubprocessHook","filename":"subprocess.py","lineno":99}
{"timestamp":"2026-02-01T09:00:56.142292Z","level":"info","event":"- models.my_project.example","logger":"airflow.task.hooks.airflow.providers.standard.hooks.subprocess.SubprocessHook","filename":"subprocess.py","lineno":99}
{"timestamp":"2026-02-01T09:00:58.223711Z","level":"info","event":"\u001b[0m09:00:58  Found 3 models, 1 source, 465 macros","logger":"airflow.task.hooks.airflow.providers.standard.hooks.subprocess.SubprocessHook","filename":"subprocess.py","lineno":99}
{"timestamp":"2026-02-01T09:00:58.232402Z","level":"info","event":"\u001b[0m09:00:58","logger":"airflow.task.hooks.airflow.providers.standard.hooks.subprocess.SubprocessHook","filename":"subprocess.py","lineno":99}
{"timestamp":"2026-02-01T09:00:58.236784Z","level":"info","event":"\u001b[0m09:00:58  Concurrency: 1 threads (target='dev')","logger":"airflow.task.hooks.airflow.providers.standard.hooks.subprocess.SubprocessHook","filename":"subprocess.py","lineno":99}
{"timestamp":"2026-02-01T09:00:58.241792Z","level":"info","event":"\u001b[0m09:00:58","logger":"airflow.task.hooks.airflow.providers.standard.hooks.subprocess.SubprocessHook","filename":"subprocess.py","lineno":99}
{"timestamp":"2026-02-01T09:00:59.102182Z","level":"info","event":"\u001b[0m09:00:59  1 of 1 START sql incremental model dev.weather_merge_ins ....................... [RUN]","logger":"airflow.task.hooks.airflow.providers.standard.hooks.subprocess.SubprocessHook","filename":"subprocess.py","lineno":99}
{"timestamp":"2026-02-01T09:01:01.221858Z","level":"info","event":"\u001b[0m09:01:01  1 of 1 OK created sql incremental model dev.weather_merge_ins .................. [\u001b[32mINSERT 0 8\u001b[0m in 2.09s]","logger":"airflow.task.hooks.airflow.providers.standard.hooks.subprocess.SubprocessHook","filename":"subprocess.py","lineno":99}
{"timestamp":"2026-02-01T09:01:01.328051Z","level":"info","event":"\u001b[0m09:01:01","logger":"airflow.task.hooks.airflow.providers.standard.hooks.subprocess.SubprocessHook","filename":"subprocess.py","lineno":99}
{"timestamp":"2026-02-01T09:01:01.336006Z","level":"info","event":"\u001b[0m09:01:01  Finished running 1 incremental model in 0 hours 0 minutes and 3.08 seconds (3.08s).","logger":"airflow.task.hooks.airflow.providers.standard.hooks.subprocess.SubprocessHook","filename":"subprocess.py","lineno":99}
{"timestamp":"2026-02-01T09:01:01.724064Z","level":"info","event":"\u001b[0m09:01:01","logger":"airflow.task.hooks.airflow.providers.standard.hooks.subprocess.SubprocessHook","filename":"subprocess.py","lineno":99}
{"timestamp":"2026-02-01T09:01:01.724428Z","level":"info","event":"\u001b[0m09:01:01  \u001b[32mCompleted successfully\u001b[0m","logger":"airflow.task.hooks.airflow.providers.standard.hooks.subprocess.SubprocessHook","filename":"subprocess.py","lineno":99}
{"timestamp":"2026-02-01T09:01:01.724709Z","level":"info","event":"\u001b[0m09:01:01","logger":"airflow.task.hooks.airflow.providers.standard.hooks.subprocess.SubprocessHook","filename":"subprocess.py","lineno":99}
{"timestamp":"2026-02-01T09:01:01.726204Z","level":"info","event":"\u001b[0m09:01:01  Done. PASS=1 WARN=0 ERROR=0 SKIP=0 NO-OP=0 TOTAL=1","logger":"airflow.task.hooks.airflow.providers.standard.hooks.subprocess.SubprocessHook","filename":"subprocess.py","lineno":99}
{"timestamp":"2026-02-01T09:01:03.348585Z","level":"info","event":"Command exited with return code 0","logger":"airflow.task.hooks.airflow.providers.standard.hooks.subprocess.SubprocessHook","filename":"subprocess.py","lineno":103}
{"timestamp":"2026-02-01T09:01:03.353771Z","level":"info","event":"Pushing xcom","ti":"RuntimeTaskInstance(id=UUID('019c186e-33cd-7f46-97f8-cc9aff938c77'), task_id='model.my_project.weather_merge_ins', dag_id='dbt_orchestrator', run_id='scheduled__2026-02-01T09:00:00+00:00', try_number=1, dag_version_id=UUID('019bf425-0c79-714b-be49-624101c92e44'), map_index=-1, hostname='DESKTOP-BT794FD.localdomain', context_carrier={}, task=<Task(BashOperator): model.my_project.weather_merge_ins>, bundle_instance=LocalDagBundle(name=dags-folder), max_tries=0, start_date=datetime.datetime(2026, 2, 1, 9, 0, 32, 797139, tzinfo=datetime.timezone.utc), end_date=None, state=<TaskInstanceState.RUNNING: 'running'>, is_mapped=False, rendered_map_index=None)","logger":"task","filename":"task_runner.py","lineno":1450}
{"timestamp":"2026-02-01T09:01:03.696430Z","level":"info","event":"Task instance in success state","logger":"task.stdout"}
{"timestamp":"2026-02-01T09:01:03.696856Z","level":"info","event":" Previous state of the Task instance: TaskInstanceState.RUNNING","logger":"task.stdout"}
{"timestamp":"2026-02-01T09:01:03.697179Z","level":"info","event":"Task operator:<Task(BashOperator): model.my_project.weather_merge_ins>","logger":"task.stdout"}
