{"timestamp":"2026-02-19T07:19:00.286146Z","level":"info","event":"DAG bundles loaded: dags-folder, example_dags","logger":"airflow.dag_processing.bundles.manager.DagBundlesManager","filename":"manager.py","lineno":179}
{"timestamp":"2026-02-19T07:19:00.298739Z","level":"info","event":"Filling up the DagBag from /home/calvin/repos/dbt-postgres-airflow/airflow_snowflake/dags/dbt_dag.py","logger":"airflow.models.dagbag.DagBag","filename":"dagbag.py","lineno":593}
{"timestamp":"2026-02-19T07:19:00.362449Z","level":"warning","event":"The `airflow.operators.bash.BashOperator` attribute is deprecated. Please use `'airflow.providers.standard.operators.bash.BashOperator'`.","category":"DeprecatedImportWarning","filename":"/home/calvin/repos/dbt-postgres-airflow/airflow_snowflake/dags/dbt_dag.py","lineno":3,"logger":"py.warnings"}
{"timestamp":"2026-02-19T07:19:00.485203Z","level":"info","event":"Task instance is in running state","logger":"task.stdout"}
{"timestamp":"2026-02-19T07:19:00.485693Z","level":"info","event":" Previous state of the Task instance: TaskInstanceState.QUEUED","logger":"task.stdout"}
{"timestamp":"2026-02-19T07:19:00.486184Z","level":"info","event":"Current task name:dbt_run","logger":"task.stdout"}
{"timestamp":"2026-02-19T07:19:00.488981Z","level":"info","event":"Dag name:dbt_workflow","logger":"task.stdout"}
{"timestamp":"2026-02-19T07:19:00.493681Z","level":"info","event":"Tmp dir root location: /tmp","logger":"airflow.task.hooks.airflow.providers.standard.hooks.subprocess.SubprocessHook","filename":"subprocess.py","lineno":78}
{"timestamp":"2026-02-19T07:19:00.498071Z","level":"info","event":"Running command: ['/usr/bin/bash', '-c', 'cd /home/calvin/repos/dbt-postgres-airflow/dbt/snowflake_data_project && /home/calvin/.pyenv/versions/demo_dbt/bin/dbt run']","logger":"airflow.task.hooks.airflow.providers.standard.hooks.subprocess.SubprocessHook","filename":"subprocess.py","lineno":80}
{"timestamp":"2026-02-19T07:19:00.501035Z","level":"info","event":"Output:","logger":"airflow.task.hooks.airflow.providers.standard.hooks.subprocess.SubprocessHook","filename":"subprocess.py","lineno":92}
{"timestamp":"2026-02-19T07:19:04.363001Z","level":"info","event":"\u001b[0m07:19:04  Running with dbt=1.11.2","logger":"airflow.task.hooks.airflow.providers.standard.hooks.subprocess.SubprocessHook","filename":"subprocess.py","lineno":99}
{"timestamp":"2026-02-19T07:19:07.492295Z","level":"info","event":"\u001b[0m07:19:07  Registered adapter: snowflake=1.11.1","logger":"airflow.task.hooks.airflow.providers.standard.hooks.subprocess.SubprocessHook","filename":"subprocess.py","lineno":99}
{"timestamp":"2026-02-19T07:19:09.335839Z","level":"info","event":"\u001b[0m07:19:09  Found 5 models, 2 data tests, 6 sources, 522 macros","logger":"airflow.task.hooks.airflow.providers.standard.hooks.subprocess.SubprocessHook","filename":"subprocess.py","lineno":99}
{"timestamp":"2026-02-19T07:19:09.348342Z","level":"info","event":"\u001b[0m07:19:09","logger":"airflow.task.hooks.airflow.providers.standard.hooks.subprocess.SubprocessHook","filename":"subprocess.py","lineno":99}
{"timestamp":"2026-02-19T07:19:09.349787Z","level":"info","event":"\u001b[0m07:19:09  Concurrency: 4 threads (target='dev')","logger":"airflow.task.hooks.airflow.providers.standard.hooks.subprocess.SubprocessHook","filename":"subprocess.py","lineno":99}
{"timestamp":"2026-02-19T07:19:09.350990Z","level":"info","event":"\u001b[0m07:19:09","logger":"airflow.task.hooks.airflow.providers.standard.hooks.subprocess.SubprocessHook","filename":"subprocess.py","lineno":99}
{"timestamp":"2026-02-19T07:19:12.220960Z","level":"info","event":"\u001b[0m07:19:12  1 of 5 START sql view model raw.stg_customers .................................. [RUN]","logger":"airflow.task.hooks.airflow.providers.standard.hooks.subprocess.SubprocessHook","filename":"subprocess.py","lineno":99}
{"timestamp":"2026-02-19T07:19:12.224564Z","level":"info","event":"\u001b[0m07:19:12  2 of 5 START sql view model raw.stg_order_items ................................ [RUN]","logger":"airflow.task.hooks.airflow.providers.standard.hooks.subprocess.SubprocessHook","filename":"subprocess.py","lineno":99}
{"timestamp":"2026-02-19T07:19:12.228099Z","level":"info","event":"\u001b[0m07:19:12  3 of 5 START sql view model raw.stg_orders ..................................... [RUN]","logger":"airflow.task.hooks.airflow.providers.standard.hooks.subprocess.SubprocessHook","filename":"subprocess.py","lineno":99}
{"timestamp":"2026-02-19T07:19:12.229584Z","level":"info","event":"\u001b[0m07:19:12  4 of 5 START sql view model raw.stg_products ................................... [RUN]","logger":"airflow.task.hooks.airflow.providers.standard.hooks.subprocess.SubprocessHook","filename":"subprocess.py","lineno":99}
{"timestamp":"2026-02-19T07:19:13.148214Z","level":"info","event":"\u001b[0m07:19:13  1 of 5 OK created sql view model raw.stg_customers ............................. [\u001b[32mSUCCESS 1\u001b[0m in 0.91s]","logger":"airflow.task.hooks.airflow.providers.standard.hooks.subprocess.SubprocessHook","filename":"subprocess.py","lineno":99}
{"timestamp":"2026-02-19T07:19:13.280216Z","level":"info","event":"\u001b[0m07:19:13  3 of 5 OK created sql view model raw.stg_orders ................................ [\u001b[32mSUCCESS 1\u001b[0m in 1.04s]","logger":"airflow.task.hooks.airflow.providers.standard.hooks.subprocess.SubprocessHook","filename":"subprocess.py","lineno":99}
{"timestamp":"2026-02-19T07:19:13.297583Z","level":"info","event":"\u001b[0m07:19:13  4 of 5 OK created sql view model raw.stg_products .............................. [\u001b[32mSUCCESS 1\u001b[0m in 1.06s]","logger":"airflow.task.hooks.airflow.providers.standard.hooks.subprocess.SubprocessHook","filename":"subprocess.py","lineno":99}
{"timestamp":"2026-02-19T07:19:13.320103Z","level":"info","event":"\u001b[0m07:19:13  2 of 5 OK created sql view model raw.stg_order_items ........................... [\u001b[32mSUCCESS 1\u001b[0m in 1.09s]","logger":"airflow.task.hooks.airflow.providers.standard.hooks.subprocess.SubprocessHook","filename":"subprocess.py","lineno":99}
{"timestamp":"2026-02-19T07:19:13.330615Z","level":"info","event":"\u001b[0m07:19:13  5 of 5 START sql table model raw.fact_daily_order_revenue ...................... [RUN]","logger":"airflow.task.hooks.airflow.providers.standard.hooks.subprocess.SubprocessHook","filename":"subprocess.py","lineno":99}
{"timestamp":"2026-02-19T07:19:14.984054Z","level":"info","event":"\u001b[0m07:19:14  5 of 5 OK created sql table model raw.fact_daily_order_revenue ................. [\u001b[32mSUCCESS 1\u001b[0m in 1.65s]","logger":"airflow.task.hooks.airflow.providers.standard.hooks.subprocess.SubprocessHook","filename":"subprocess.py","lineno":99}
{"timestamp":"2026-02-19T07:19:15.230907Z","level":"info","event":"\u001b[0m07:19:15","logger":"airflow.task.hooks.airflow.providers.standard.hooks.subprocess.SubprocessHook","filename":"subprocess.py","lineno":99}
{"timestamp":"2026-02-19T07:19:15.232328Z","level":"info","event":"\u001b[0m07:19:15  Finished running 1 table model, 4 view models in 0 hours 0 minutes and 5.88 seconds (5.88s).","logger":"airflow.task.hooks.airflow.providers.standard.hooks.subprocess.SubprocessHook","filename":"subprocess.py","lineno":99}
{"timestamp":"2026-02-19T07:19:15.311268Z","level":"info","event":"\u001b[0m07:19:15","logger":"airflow.task.hooks.airflow.providers.standard.hooks.subprocess.SubprocessHook","filename":"subprocess.py","lineno":99}
{"timestamp":"2026-02-19T07:19:15.312267Z","level":"info","event":"\u001b[0m07:19:15  \u001b[32mCompleted successfully\u001b[0m","logger":"airflow.task.hooks.airflow.providers.standard.hooks.subprocess.SubprocessHook","filename":"subprocess.py","lineno":99}
{"timestamp":"2026-02-19T07:19:15.313072Z","level":"info","event":"\u001b[0m07:19:15","logger":"airflow.task.hooks.airflow.providers.standard.hooks.subprocess.SubprocessHook","filename":"subprocess.py","lineno":99}
{"timestamp":"2026-02-19T07:19:15.313973Z","level":"info","event":"\u001b[0m07:19:15  Done. PASS=5 WARN=0 ERROR=0 SKIP=0 NO-OP=0 TOTAL=5","logger":"airflow.task.hooks.airflow.providers.standard.hooks.subprocess.SubprocessHook","filename":"subprocess.py","lineno":99}
{"timestamp":"2026-02-19T07:19:17.717192Z","level":"info","event":"Command exited with return code 0","logger":"airflow.task.hooks.airflow.providers.standard.hooks.subprocess.SubprocessHook","filename":"subprocess.py","lineno":103}
{"timestamp":"2026-02-19T07:19:17.719253Z","level":"info","event":"Pushing xcom","ti":"RuntimeTaskInstance(id=UUID('019c74c4-0169-74f0-9221-58b902c2f5e6'), task_id='dbt_run', dag_id='dbt_workflow', run_id='scheduled__2026-02-13T00:00:00+00:00', try_number=1, dag_version_id=UUID('019c523c-c59a-7ac9-ae39-7a334f2afde0'), map_index=-1, hostname='DESKTOP-BT794FD.localdomain', context_carrier={}, task=<Task(BashOperator): dbt_run>, bundle_instance=LocalDagBundle(name=dags-folder), max_tries=1, start_date=datetime.datetime(2026, 2, 19, 7, 18, 48, 906904, tzinfo=datetime.timezone.utc), end_date=None, state=<TaskInstanceState.RUNNING: 'running'>, is_mapped=False, rendered_map_index=None)","logger":"task","filename":"task_runner.py","lineno":1450}
{"timestamp":"2026-02-19T07:19:18.326024Z","level":"info","event":"Task instance in success state","logger":"task.stdout"}
{"timestamp":"2026-02-19T07:19:18.326503Z","level":"info","event":" Previous state of the Task instance: TaskInstanceState.RUNNING","logger":"task.stdout"}
{"timestamp":"2026-02-19T07:19:18.327085Z","level":"info","event":"Task operator:<Task(BashOperator): dbt_run>","logger":"task.stdout"}
