{"timestamp":"2026-02-12T14:24:15.671936Z","level":"info","event":"DAG bundles loaded: dags-folder, example_dags","logger":"airflow.dag_processing.bundles.manager.DagBundlesManager","filename":"manager.py","lineno":179}
{"timestamp":"2026-02-12T14:24:15.674879Z","level":"info","event":"Filling up the DagBag from /home/calvin/repos/dbt-postgres-airflow/airflow_snowflake/dags/dbt_dag.py","logger":"airflow.models.dagbag.BundleDagBag","filename":"dagbag.py","lineno":593}
{"timestamp":"2026-02-12T14:24:15.721245Z","level":"warning","event":"The `airflow.operators.bash.BashOperator` attribute is deprecated. Please use `'airflow.providers.standard.operators.bash.BashOperator'`.","category":"DeprecatedImportWarning","filename":"/home/calvin/repos/dbt-postgres-airflow/airflow_snowflake/dags/dbt_dag.py","lineno":3,"logger":"py.warnings"}
{"timestamp":"2026-02-12T14:24:15.794678Z","level":"info","event":"Task instance is in running state","logger":"task.stdout"}
{"timestamp":"2026-02-12T14:24:15.795046Z","level":"info","event":" Previous state of the Task instance: TaskInstanceState.QUEUED","logger":"task.stdout"}
{"timestamp":"2026-02-12T14:24:15.795404Z","level":"info","event":"Current task name:dbt_run","logger":"task.stdout"}
{"timestamp":"2026-02-12T14:24:15.795641Z","level":"info","event":"Dag name:dbt_workflow","logger":"task.stdout"}
{"timestamp":"2026-02-12T14:24:15.796345Z","level":"info","event":"Tmp dir root location: /tmp","logger":"airflow.task.hooks.airflow.providers.standard.hooks.subprocess.SubprocessHook","filename":"subprocess.py","lineno":78}
{"timestamp":"2026-02-12T14:24:15.799077Z","level":"info","event":"Running command: ['/usr/bin/bash', '-c', 'cd /home/calvin/repos/dbt-postgres-airflow/dbt/snowflake_data_project && /home/calvin/.pyenv/versions/demo_dbt/bin/dbt run']","logger":"airflow.task.hooks.airflow.providers.standard.hooks.subprocess.SubprocessHook","filename":"subprocess.py","lineno":80}
{"timestamp":"2026-02-12T14:24:15.800959Z","level":"info","event":"Output:","logger":"airflow.task.hooks.airflow.providers.standard.hooks.subprocess.SubprocessHook","filename":"subprocess.py","lineno":92}
{"timestamp":"2026-02-12T14:24:19.620806Z","level":"info","event":"\u001b[0m14:24:19  Running with dbt=1.11.2","logger":"airflow.task.hooks.airflow.providers.standard.hooks.subprocess.SubprocessHook","filename":"subprocess.py","lineno":99}
{"timestamp":"2026-02-12T14:24:21.370748Z","level":"info","event":"\u001b[0m14:24:21  Registered adapter: snowflake=1.11.1","logger":"airflow.task.hooks.airflow.providers.standard.hooks.subprocess.SubprocessHook","filename":"subprocess.py","lineno":99}
{"timestamp":"2026-02-12T14:24:23.102410Z","level":"info","event":"\u001b[0m14:24:23  Found 5 models, 2 data tests, 6 sources, 522 macros","logger":"airflow.task.hooks.airflow.providers.standard.hooks.subprocess.SubprocessHook","filename":"subprocess.py","lineno":99}
{"timestamp":"2026-02-12T14:24:23.106846Z","level":"info","event":"\u001b[0m14:24:23","logger":"airflow.task.hooks.airflow.providers.standard.hooks.subprocess.SubprocessHook","filename":"subprocess.py","lineno":99}
{"timestamp":"2026-02-12T14:24:23.107848Z","level":"info","event":"\u001b[0m14:24:23  Concurrency: 4 threads (target='dev')","logger":"airflow.task.hooks.airflow.providers.standard.hooks.subprocess.SubprocessHook","filename":"subprocess.py","lineno":99}
{"timestamp":"2026-02-12T14:24:23.108784Z","level":"info","event":"\u001b[0m14:24:23","logger":"airflow.task.hooks.airflow.providers.standard.hooks.subprocess.SubprocessHook","filename":"subprocess.py","lineno":99}
{"timestamp":"2026-02-12T14:24:24.650019Z","level":"info","event":"\u001b[0m14:24:24  1 of 5 START sql view model raw.stg_customers .................................. [RUN]","logger":"airflow.task.hooks.airflow.providers.standard.hooks.subprocess.SubprocessHook","filename":"subprocess.py","lineno":99}
{"timestamp":"2026-02-12T14:24:24.652905Z","level":"info","event":"\u001b[0m14:24:24  2 of 5 START sql view model raw.stg_order_items ................................ [RUN]","logger":"airflow.task.hooks.airflow.providers.standard.hooks.subprocess.SubprocessHook","filename":"subprocess.py","lineno":99}
{"timestamp":"2026-02-12T14:24:24.656548Z","level":"info","event":"\u001b[0m14:24:24  3 of 5 START sql view model raw.stg_orders ..................................... [RUN]","logger":"airflow.task.hooks.airflow.providers.standard.hooks.subprocess.SubprocessHook","filename":"subprocess.py","lineno":99}
{"timestamp":"2026-02-12T14:24:24.658323Z","level":"info","event":"\u001b[0m14:24:24  4 of 5 START sql view model raw.stg_products ................................... [RUN]","logger":"airflow.task.hooks.airflow.providers.standard.hooks.subprocess.SubprocessHook","filename":"subprocess.py","lineno":99}
{"timestamp":"2026-02-12T14:24:25.440100Z","level":"info","event":"\u001b[0m14:24:25  1 of 5 OK created sql view model raw.stg_customers ............................. [\u001b[32mSUCCESS 1\u001b[0m in 0.76s]","logger":"airflow.task.hooks.airflow.providers.standard.hooks.subprocess.SubprocessHook","filename":"subprocess.py","lineno":99}
{"timestamp":"2026-02-12T14:24:25.781086Z","level":"info","event":"\u001b[0m14:24:25  3 of 5 OK created sql view model raw.stg_orders ................................ [\u001b[32mSUCCESS 1\u001b[0m in 1.11s]","logger":"airflow.task.hooks.airflow.providers.standard.hooks.subprocess.SubprocessHook","filename":"subprocess.py","lineno":99}
{"timestamp":"2026-02-12T14:24:26.411081Z","level":"info","event":"\u001b[0m14:24:26  2 of 5 OK created sql view model raw.stg_order_items ........................... [\u001b[32mSUCCESS 1\u001b[0m in 1.74s]","logger":"airflow.task.hooks.airflow.providers.standard.hooks.subprocess.SubprocessHook","filename":"subprocess.py","lineno":99}
{"timestamp":"2026-02-12T14:24:26.427236Z","level":"info","event":"\u001b[0m14:24:26  4 of 5 OK created sql view model raw.stg_products .............................. [\u001b[32mSUCCESS 1\u001b[0m in 1.75s]","logger":"airflow.task.hooks.airflow.providers.standard.hooks.subprocess.SubprocessHook","filename":"subprocess.py","lineno":99}
{"timestamp":"2026-02-12T14:24:26.436695Z","level":"info","event":"\u001b[0m14:24:26  5 of 5 START sql table model raw.fact_daily_order_revenue ...................... [RUN]","logger":"airflow.task.hooks.airflow.providers.standard.hooks.subprocess.SubprocessHook","filename":"subprocess.py","lineno":99}
{"timestamp":"2026-02-12T14:24:28.263495Z","level":"info","event":"\u001b[0m14:24:28  5 of 5 OK created sql table model raw.fact_daily_order_revenue ................. [\u001b[32mSUCCESS 1\u001b[0m in 1.82s]","logger":"airflow.task.hooks.airflow.providers.standard.hooks.subprocess.SubprocessHook","filename":"subprocess.py","lineno":99}
{"timestamp":"2026-02-12T14:24:28.551209Z","level":"info","event":"\u001b[0m14:24:28","logger":"airflow.task.hooks.airflow.providers.standard.hooks.subprocess.SubprocessHook","filename":"subprocess.py","lineno":99}
{"timestamp":"2026-02-12T14:24:28.553690Z","level":"info","event":"\u001b[0m14:24:28  Finished running 1 table model, 4 view models in 0 hours 0 minutes and 5.44 seconds (5.44s).","logger":"airflow.task.hooks.airflow.providers.standard.hooks.subprocess.SubprocessHook","filename":"subprocess.py","lineno":99}
{"timestamp":"2026-02-12T14:24:28.734044Z","level":"info","event":"\u001b[0m14:24:28","logger":"airflow.task.hooks.airflow.providers.standard.hooks.subprocess.SubprocessHook","filename":"subprocess.py","lineno":99}
{"timestamp":"2026-02-12T14:24:28.736885Z","level":"info","event":"\u001b[0m14:24:28  \u001b[32mCompleted successfully\u001b[0m","logger":"airflow.task.hooks.airflow.providers.standard.hooks.subprocess.SubprocessHook","filename":"subprocess.py","lineno":99}
{"timestamp":"2026-02-12T14:24:28.739202Z","level":"info","event":"\u001b[0m14:24:28","logger":"airflow.task.hooks.airflow.providers.standard.hooks.subprocess.SubprocessHook","filename":"subprocess.py","lineno":99}
{"timestamp":"2026-02-12T14:24:28.741479Z","level":"info","event":"\u001b[0m14:24:28  Done. PASS=5 WARN=0 ERROR=0 SKIP=0 NO-OP=0 TOTAL=5","logger":"airflow.task.hooks.airflow.providers.standard.hooks.subprocess.SubprocessHook","filename":"subprocess.py","lineno":99}
{"timestamp":"2026-02-12T14:24:29.997274Z","level":"info","event":"Command exited with return code 0","logger":"airflow.task.hooks.airflow.providers.standard.hooks.subprocess.SubprocessHook","filename":"subprocess.py","lineno":103}
{"timestamp":"2026-02-12T14:24:29.997953Z","level":"info","event":"Pushing xcom","ti":"RuntimeTaskInstance(id=UUID('019c523c-fda4-7852-98d4-f9e4c3189f5b'), task_id='dbt_run', dag_id='dbt_workflow', run_id='manual__2026-02-12T14:24:14.743516+00:00', try_number=1, dag_version_id=UUID('019c523c-c59a-7ac9-ae39-7a334f2afde0'), map_index=-1, hostname='DESKTOP-BT794FD.localdomain', context_carrier={}, task=<Task(BashOperator): dbt_run>, bundle_instance=LocalDagBundle(name=dags-folder), max_tries=1, start_date=datetime.datetime(2026, 2, 12, 14, 24, 15, 592420, tzinfo=datetime.timezone.utc), end_date=None, state=<TaskInstanceState.RUNNING: 'running'>, is_mapped=False, rendered_map_index=None)","logger":"task","filename":"task_runner.py","lineno":1522}
{"timestamp":"2026-02-12T14:24:30.066264Z","level":"info","event":"Task instance in success state","logger":"task.stdout"}
{"timestamp":"2026-02-12T14:24:30.066451Z","level":"info","event":" Previous state of the Task instance: TaskInstanceState.RUNNING","logger":"task.stdout"}
{"timestamp":"2026-02-12T14:24:30.066786Z","level":"info","event":"Task operator:<Task(BashOperator): dbt_run>","logger":"task.stdout"}
