{"timestamp":"2026-01-23T06:53:22.124713Z","level":"info","event":"DAG bundles loaded: dags-folder, example_dags","logger":"airflow.dag_processing.bundles.manager.DagBundlesManager","filename":"manager.py","lineno":179}
{"timestamp":"2026-01-23T06:53:22.129762Z","level":"info","event":"Filling up the DagBag from /home/calvin/repos/dbt-postgres-airflow/airflow/dags/dbt-orchestrator.py","logger":"airflow.models.dagbag.DagBag","filename":"dagbag.py","lineno":593}
{"timestamp":"2026-01-23T06:53:22.189659Z","level":"warning","event":"The `airflow.operators.bash.BashOperator` attribute is deprecated. Please use `'airflow.providers.standard.operators.bash.BashOperator'`.","category":"DeprecatedImportWarning","filename":"/home/calvin/repos/dbt-postgres-airflow/airflow/dags/dbt-orchestrator.py","lineno":5,"logger":"py.warnings"}
{"timestamp":"2026-01-23T06:53:22.488163Z","level":"info","event":"Task instance is in running state","logger":"task.stdout"}
{"timestamp":"2026-01-23T06:53:22.489093Z","level":"info","event":" Previous state of the Task instance: TaskInstanceState.QUEUED","logger":"task.stdout"}
{"timestamp":"2026-01-23T06:53:22.490044Z","level":"info","event":"Current task name:model.my_project.my_second_dbt_model","logger":"task.stdout"}
{"timestamp":"2026-01-23T06:53:22.490466Z","level":"info","event":"Dag name:dbt_orchestrator","logger":"task.stdout"}
{"timestamp":"2026-01-23T06:53:22.492507Z","level":"info","event":"Tmp dir root location: /tmp","logger":"airflow.task.hooks.airflow.providers.standard.hooks.subprocess.SubprocessHook","filename":"subprocess.py","lineno":78}
{"timestamp":"2026-01-23T06:53:22.497319Z","level":"info","event":"Running command: ['/usr/bin/bash', '-c', 'cd /home/calvin/repos/dbt-postgres-airflow/dbt/my_project && /home/calvin/.pyenv/versions/demo_dbt/bin/dbt run --select my_second_dbt_model']","logger":"airflow.task.hooks.airflow.providers.standard.hooks.subprocess.SubprocessHook","filename":"subprocess.py","lineno":80}
{"timestamp":"2026-01-23T06:53:22.506796Z","level":"info","event":"Output:","logger":"airflow.task.hooks.airflow.providers.standard.hooks.subprocess.SubprocessHook","filename":"subprocess.py","lineno":92}
{"timestamp":"2026-01-23T06:53:34.261612Z","level":"info","event":"\u001b[0m06:53:34  Running with dbt=1.11.2","logger":"airflow.task.hooks.airflow.providers.standard.hooks.subprocess.SubprocessHook","filename":"subprocess.py","lineno":99}
{"timestamp":"2026-01-23T06:53:36.438925Z","level":"info","event":"\u001b[0m06:53:36  Registered adapter: postgres=1.10.0","logger":"airflow.task.hooks.airflow.providers.standard.hooks.subprocess.SubprocessHook","filename":"subprocess.py","lineno":99}
{"timestamp":"2026-01-23T06:53:39.428686Z","level":"info","event":"\u001b[0m06:53:39  Found 2 models, 4 data tests, 464 macros","logger":"airflow.task.hooks.airflow.providers.standard.hooks.subprocess.SubprocessHook","filename":"subprocess.py","lineno":99}
{"timestamp":"2026-01-23T06:53:39.451092Z","level":"info","event":"\u001b[0m06:53:39","logger":"airflow.task.hooks.airflow.providers.standard.hooks.subprocess.SubprocessHook","filename":"subprocess.py","lineno":99}
{"timestamp":"2026-01-23T06:53:39.457092Z","level":"info","event":"\u001b[0m06:53:39  Concurrency: 1 threads (target='dev')","logger":"airflow.task.hooks.airflow.providers.standard.hooks.subprocess.SubprocessHook","filename":"subprocess.py","lineno":99}
{"timestamp":"2026-01-23T06:53:39.463329Z","level":"info","event":"\u001b[0m06:53:39","logger":"airflow.task.hooks.airflow.providers.standard.hooks.subprocess.SubprocessHook","filename":"subprocess.py","lineno":99}
{"timestamp":"2026-01-23T06:53:40.278131Z","level":"info","event":"\u001b[0m06:53:40  1 of 1 START sql view model dev.my_second_dbt_model ............................ [RUN]","logger":"airflow.task.hooks.airflow.providers.standard.hooks.subprocess.SubprocessHook","filename":"subprocess.py","lineno":99}
{"timestamp":"2026-01-23T06:53:41.046772Z","level":"info","event":"\u001b[0m06:53:41  1 of 1 OK created sql view model dev.my_second_dbt_model ....................... [\u001b[32mCREATE VIEW\u001b[0m in 0.75s]","logger":"airflow.task.hooks.airflow.providers.standard.hooks.subprocess.SubprocessHook","filename":"subprocess.py","lineno":99}
{"timestamp":"2026-01-23T06:53:41.133907Z","level":"info","event":"\u001b[0m06:53:41","logger":"airflow.task.hooks.airflow.providers.standard.hooks.subprocess.SubprocessHook","filename":"subprocess.py","lineno":99}
{"timestamp":"2026-01-23T06:53:41.137019Z","level":"info","event":"\u001b[0m06:53:41  Finished running 1 view model in 0 hours 0 minutes and 1.66 seconds (1.66s).","logger":"airflow.task.hooks.airflow.providers.standard.hooks.subprocess.SubprocessHook","filename":"subprocess.py","lineno":99}
{"timestamp":"2026-01-23T06:53:41.391328Z","level":"info","event":"\u001b[0m06:53:41","logger":"airflow.task.hooks.airflow.providers.standard.hooks.subprocess.SubprocessHook","filename":"subprocess.py","lineno":99}
{"timestamp":"2026-01-23T06:53:41.392627Z","level":"info","event":"\u001b[0m06:53:41  \u001b[32mCompleted successfully\u001b[0m","logger":"airflow.task.hooks.airflow.providers.standard.hooks.subprocess.SubprocessHook","filename":"subprocess.py","lineno":99}
{"timestamp":"2026-01-23T06:53:41.395558Z","level":"info","event":"\u001b[0m06:53:41","logger":"airflow.task.hooks.airflow.providers.standard.hooks.subprocess.SubprocessHook","filename":"subprocess.py","lineno":99}
{"timestamp":"2026-01-23T06:53:41.397258Z","level":"info","event":"\u001b[0m06:53:41  Done. PASS=1 WARN=0 ERROR=0 SKIP=0 NO-OP=0 TOTAL=1","logger":"airflow.task.hooks.airflow.providers.standard.hooks.subprocess.SubprocessHook","filename":"subprocess.py","lineno":99}
{"timestamp":"2026-01-23T06:53:52.359527Z","level":"info","event":"Command exited with return code 0","logger":"airflow.task.hooks.airflow.providers.standard.hooks.subprocess.SubprocessHook","filename":"subprocess.py","lineno":103}
{"timestamp":"2026-01-23T06:53:52.360989Z","level":"info","event":"Pushing xcom","ti":"RuntimeTaskInstance(id=UUID('019be9a0-27cc-7fa9-ac11-a6cb3880f705'), task_id='model.my_project.my_second_dbt_model', dag_id='dbt_orchestrator', run_id='manual__2026-01-23T06:52:24+00:00', try_number=1, dag_version_id=UUID('019be99a-4a1a-7864-a4ea-949630e57163'), map_index=-1, hostname='DESKTOP-BT794FD.localdomain', context_carrier={}, task=<Task(BashOperator): model.my_project.my_second_dbt_model>, bundle_instance=LocalDagBundle(name=dags-folder), max_tries=0, start_date=datetime.datetime(2026, 1, 23, 6, 53, 21, 896468, tzinfo=datetime.timezone.utc), end_date=None, state=<TaskInstanceState.RUNNING: 'running'>, is_mapped=False, rendered_map_index=None)","logger":"task","filename":"task_runner.py","lineno":1450}
{"timestamp":"2026-01-23T06:53:52.578216Z","level":"info","event":"Task instance in success state","logger":"task.stdout"}
{"timestamp":"2026-01-23T06:53:52.578558Z","level":"info","event":" Previous state of the Task instance: TaskInstanceState.RUNNING","logger":"task.stdout"}
{"timestamp":"2026-01-23T06:53:52.579298Z","level":"info","event":"Task operator:<Task(BashOperator): model.my_project.my_second_dbt_model>","logger":"task.stdout"}
