{"timestamp":"2026-02-01T09:19:32.807225Z","level":"info","event":"DAG bundles loaded: dags-folder, example_dags","logger":"airflow.dag_processing.bundles.manager.DagBundlesManager","filename":"manager.py","lineno":179}
{"timestamp":"2026-02-01T09:19:32.832157Z","level":"info","event":"Filling up the DagBag from /home/calvin/repos/dbt-postgres-airflow/airflow/dags/combined_orchestrator.py","logger":"airflow.models.dagbag.DagBag","filename":"dagbag.py","lineno":593}
{"timestamp":"2026-02-01T09:19:33.575076Z","level":"warning","event":"The `airflow.operators.bash.BashOperator` attribute is deprecated. Please use `'airflow.providers.standard.operators.bash.BashOperator'`.","category":"DeprecatedImportWarning","filename":"/home/calvin/repos/dbt-postgres-airflow/airflow/dags/combined_orchestrator.py","lineno":10,"logger":"py.warnings"}
{"timestamp":"2026-02-01T09:19:33.576467Z","level":"warning","event":"The `airflow.operators.python.PythonOperator` attribute is deprecated. Please use `'airflow.providers.standard.operators.python.PythonOperator'`.","category":"DeprecatedImportWarning","filename":"/home/calvin/repos/dbt-postgres-airflow/airflow/dags/combined_orchestrator.py","lineno":11,"logger":"py.warnings"}
{"timestamp":"2026-02-01T09:19:33.792524Z","level":"info","event":"Task instance is in running state","logger":"task.stdout"}
{"timestamp":"2026-02-01T09:19:33.792957Z","level":"info","event":" Previous state of the Task instance: TaskInstanceState.QUEUED","logger":"task.stdout"}
{"timestamp":"2026-02-01T09:19:33.797458Z","level":"info","event":"Current task name:model.my_project.weather_merge_ins","logger":"task.stdout"}
{"timestamp":"2026-02-01T09:19:33.798001Z","level":"info","event":"Dag name:combined_orchestrator","logger":"task.stdout"}
{"timestamp":"2026-02-01T09:19:33.807480Z","level":"info","event":"Tmp dir root location: /tmp","logger":"airflow.task.hooks.airflow.providers.standard.hooks.subprocess.SubprocessHook","filename":"subprocess.py","lineno":78}
{"timestamp":"2026-02-01T09:19:33.817835Z","level":"info","event":"Running command: ['/usr/bin/bash', '-c', 'cd /home/calvin/repos/dbt-postgres-airflow/dbt/my_project && /home/calvin/.pyenv/versions/demo_dbt/bin/dbt run --select weather_merge_ins']","logger":"airflow.task.hooks.airflow.providers.standard.hooks.subprocess.SubprocessHook","filename":"subprocess.py","lineno":80}
{"timestamp":"2026-02-01T09:19:33.827050Z","level":"info","event":"Output:","logger":"airflow.task.hooks.airflow.providers.standard.hooks.subprocess.SubprocessHook","filename":"subprocess.py","lineno":92}
{"timestamp":"2026-02-01T09:19:48.733892Z","level":"info","event":"\u001b[0m09:19:48  Running with dbt=1.11.2","logger":"airflow.task.hooks.airflow.providers.standard.hooks.subprocess.SubprocessHook","filename":"subprocess.py","lineno":99}
{"timestamp":"2026-02-01T09:19:51.777851Z","level":"info","event":"\u001b[0m09:19:51  Registered adapter: postgres=1.10.0","logger":"airflow.task.hooks.airflow.providers.standard.hooks.subprocess.SubprocessHook","filename":"subprocess.py","lineno":99}
{"timestamp":"2026-02-01T09:19:54.504913Z","level":"info","event":"\u001b[0m09:19:54  [\u001b[33mWARNING\u001b[0m]: Configuration paths exist in your dbt_project.yml file which do not apply to any resources.","logger":"airflow.task.hooks.airflow.providers.standard.hooks.subprocess.SubprocessHook","filename":"subprocess.py","lineno":99}
{"timestamp":"2026-02-01T09:19:54.505302Z","level":"info","event":"There are 1 unused configuration paths:","logger":"airflow.task.hooks.airflow.providers.standard.hooks.subprocess.SubprocessHook","filename":"subprocess.py","lineno":99}
{"timestamp":"2026-02-01T09:19:54.505593Z","level":"info","event":"- models.my_project.example","logger":"airflow.task.hooks.airflow.providers.standard.hooks.subprocess.SubprocessHook","filename":"subprocess.py","lineno":99}
{"timestamp":"2026-02-01T09:19:56.817704Z","level":"info","event":"\u001b[0m09:19:56  Found 3 models, 1 source, 465 macros","logger":"airflow.task.hooks.airflow.providers.standard.hooks.subprocess.SubprocessHook","filename":"subprocess.py","lineno":99}
{"timestamp":"2026-02-01T09:19:56.829193Z","level":"info","event":"\u001b[0m09:19:56","logger":"airflow.task.hooks.airflow.providers.standard.hooks.subprocess.SubprocessHook","filename":"subprocess.py","lineno":99}
{"timestamp":"2026-02-01T09:19:56.832600Z","level":"info","event":"\u001b[0m09:19:56  Concurrency: 1 threads (target='dev')","logger":"airflow.task.hooks.airflow.providers.standard.hooks.subprocess.SubprocessHook","filename":"subprocess.py","lineno":99}
{"timestamp":"2026-02-01T09:19:56.836220Z","level":"info","event":"\u001b[0m09:19:56","logger":"airflow.task.hooks.airflow.providers.standard.hooks.subprocess.SubprocessHook","filename":"subprocess.py","lineno":99}
{"timestamp":"2026-02-01T09:19:57.698135Z","level":"info","event":"\u001b[0m09:19:57  1 of 1 START sql incremental model dev.weather_merge_ins ....................... [RUN]","logger":"airflow.task.hooks.airflow.providers.standard.hooks.subprocess.SubprocessHook","filename":"subprocess.py","lineno":99}
{"timestamp":"2026-02-01T09:19:59.645262Z","level":"info","event":"\u001b[0m09:19:59  1 of 1 OK created sql incremental model dev.weather_merge_ins .................. [\u001b[32mINSERT 0 9\u001b[0m in 1.92s]","logger":"airflow.task.hooks.airflow.providers.standard.hooks.subprocess.SubprocessHook","filename":"subprocess.py","lineno":99}
{"timestamp":"2026-02-01T09:19:59.729431Z","level":"info","event":"\u001b[0m09:19:59","logger":"airflow.task.hooks.airflow.providers.standard.hooks.subprocess.SubprocessHook","filename":"subprocess.py","lineno":99}
{"timestamp":"2026-02-01T09:19:59.731184Z","level":"info","event":"\u001b[0m09:19:59  Finished running 1 incremental model in 0 hours 0 minutes and 2.89 seconds (2.89s).","logger":"airflow.task.hooks.airflow.providers.standard.hooks.subprocess.SubprocessHook","filename":"subprocess.py","lineno":99}
{"timestamp":"2026-02-01T09:19:59.980412Z","level":"info","event":"\u001b[0m09:19:59","logger":"airflow.task.hooks.airflow.providers.standard.hooks.subprocess.SubprocessHook","filename":"subprocess.py","lineno":99}
{"timestamp":"2026-02-01T09:19:59.984500Z","level":"info","event":"\u001b[0m09:19:59  \u001b[32mCompleted successfully\u001b[0m","logger":"airflow.task.hooks.airflow.providers.standard.hooks.subprocess.SubprocessHook","filename":"subprocess.py","lineno":99}
{"timestamp":"2026-02-01T09:19:59.988813Z","level":"info","event":"\u001b[0m09:19:59","logger":"airflow.task.hooks.airflow.providers.standard.hooks.subprocess.SubprocessHook","filename":"subprocess.py","lineno":99}
{"timestamp":"2026-02-01T09:19:59.993199Z","level":"info","event":"\u001b[0m09:19:59  Done. PASS=1 WARN=0 ERROR=0 SKIP=0 NO-OP=0 TOTAL=1","logger":"airflow.task.hooks.airflow.providers.standard.hooks.subprocess.SubprocessHook","filename":"subprocess.py","lineno":99}
{"timestamp":"2026-02-01T09:20:01.762833Z","level":"info","event":"Command exited with return code 0","logger":"airflow.task.hooks.airflow.providers.standard.hooks.subprocess.SubprocessHook","filename":"subprocess.py","lineno":103}
{"timestamp":"2026-02-01T09:20:01.764773Z","level":"info","event":"Pushing xcom","ti":"RuntimeTaskInstance(id=UUID('019c187e-eba0-7e20-9c81-197707bc2e54'), task_id='model.my_project.weather_merge_ins', dag_id='combined_orchestrator', run_id='scheduled__2026-01-31T23:00:00+00:00', try_number=1, dag_version_id=UUID('019c187e-a70e-7cbb-a897-72c2fe512672'), map_index=-1, hostname='DESKTOP-BT794FD.localdomain', context_carrier={}, task=<Task(BashOperator): model.my_project.weather_merge_ins>, bundle_instance=LocalDagBundle(name=dags-folder), max_tries=0, start_date=datetime.datetime(2026, 2, 1, 9, 19, 31, 743079, tzinfo=datetime.timezone.utc), end_date=None, state=<TaskInstanceState.RUNNING: 'running'>, is_mapped=False, rendered_map_index=None)","logger":"task","filename":"task_runner.py","lineno":1450}
{"timestamp":"2026-02-01T09:20:02.135814Z","level":"info","event":"Task instance in success state","logger":"task.stdout"}
{"timestamp":"2026-02-01T09:20:02.146291Z","level":"info","event":" Previous state of the Task instance: TaskInstanceState.RUNNING","logger":"task.stdout"}
{"timestamp":"2026-02-01T09:20:02.146802Z","level":"info","event":"Task operator:<Task(BashOperator): model.my_project.weather_merge_ins>","logger":"task.stdout"}
