{"timestamp":"2026-02-01T09:30:02.827618Z","level":"info","event":"DAG bundles loaded: dags-folder, example_dags","logger":"airflow.dag_processing.bundles.manager.DagBundlesManager","filename":"manager.py","lineno":179}
{"timestamp":"2026-02-01T09:30:02.889674Z","level":"info","event":"Filling up the DagBag from /home/calvin/repos/dbt-postgres-airflow/airflow/dags/combined_orchestrator.py","logger":"airflow.models.dagbag.DagBag","filename":"dagbag.py","lineno":593}
{"timestamp":"2026-02-01T09:30:08.802189Z","level":"warning","event":"The `airflow.operators.bash.BashOperator` attribute is deprecated. Please use `'airflow.providers.standard.operators.bash.BashOperator'`.","category":"DeprecatedImportWarning","filename":"/home/calvin/repos/dbt-postgres-airflow/airflow/dags/combined_orchestrator.py","lineno":10,"logger":"py.warnings"}
{"timestamp":"2026-02-01T09:30:08.802881Z","level":"warning","event":"The `airflow.operators.python.PythonOperator` attribute is deprecated. Please use `'airflow.providers.standard.operators.python.PythonOperator'`.","category":"DeprecatedImportWarning","filename":"/home/calvin/repos/dbt-postgres-airflow/airflow/dags/combined_orchestrator.py","lineno":11,"logger":"py.warnings"}
{"timestamp":"2026-02-01T09:30:09.775399Z","level":"info","event":"Task instance is in running state","logger":"task.stdout"}
{"timestamp":"2026-02-01T09:30:09.779124Z","level":"info","event":" Previous state of the Task instance: TaskInstanceState.QUEUED","logger":"task.stdout"}
{"timestamp":"2026-02-01T09:30:09.787387Z","level":"info","event":"Current task name:ingest_weather_data","logger":"task.stdout"}
{"timestamp":"2026-02-01T09:30:09.788019Z","level":"info","event":"Dag name:combined_orchestrator","logger":"task.stdout"}
{"timestamp":"2026-02-01T09:30:09.995793Z","level":"info","event":"Starting weather data ETL process","logger":"helper_functions","filename":"helper_functions.py","lineno":105}
{"timestamp":"2026-02-01T09:30:10.023549Z","level":"info","event":"Fetching weatherd data from Weatherstack API...","logger":"helper_functions","filename":"helper_functions.py","lineno":22}
{"timestamp":"2026-02-01T09:30:11.384572Z","level":"info","event":"API response received sucessfully.","logger":"helper_functions","filename":"helper_functions.py","lineno":26}
{"timestamp":"2026-02-01T09:30:11.413753Z","level":"info","event":"Connecting to the PostgresSQL database...","logger":"helper_functions","filename":"helper_functions.py","lineno":34}
{"timestamp":"2026-02-01T09:30:13.118569Z","level":"info","event":"Database Connection is established.","logger":"helper_functions","filename":"helper_functions.py","lineno":43}
{"timestamp":"2026-02-01T09:30:13.127414Z","level":"info","event":"Creating schema and table if not exist...","logger":"helper_functions","filename":"helper_functions.py","lineno":50}
{"timestamp":"2026-02-01T09:30:13.435671Z","level":"info","event":"schema and table ensured.","logger":"helper_functions","filename":"helper_functions.py","lineno":67}
{"timestamp":"2026-02-01T09:30:13.437603Z","level":"info","event":"Inserting weather data into the database...","logger":"helper_functions","filename":"helper_functions.py","lineno":73}
{"timestamp":"2026-02-01T09:30:13.449921Z","level":"info","event":"Prepqring insert for city : New York","logger":"helper_functions","filename":"helper_functions.py","lineno":78}
{"timestamp":"2026-02-01T09:30:13.721844Z","level":"info","event":"insert successfully completed.","logger":"helper_functions","filename":"helper_functions.py","lineno":98}
{"timestamp":"2026-02-01T09:30:13.754652Z","level":"info","event":"Database connection closed","logger":"helper_functions","filename":"helper_functions.py","lineno":115}
{"timestamp":"2026-02-01T09:30:13.768870Z","level":"info","event":"Done. Returned value was: None","logger":"airflow.task.operators.airflow.providers.standard.operators.python.PythonOperator","filename":"python.py","lineno":216}
{"timestamp":"2026-02-01T09:30:15.064819Z","level":"info","event":"Task instance in success state","logger":"task.stdout"}
{"timestamp":"2026-02-01T09:30:15.065916Z","level":"info","event":" Previous state of the Task instance: TaskInstanceState.RUNNING","logger":"task.stdout"}
{"timestamp":"2026-02-01T09:30:15.096604Z","level":"info","event":"Task operator:<Task(PythonOperator): ingest_weather_data>","logger":"task.stdout"}
