{"timestamp":"2026-02-01T09:00:33.484539Z","level":"info","event":"DAG bundles loaded: dags-folder, example_dags","logger":"airflow.dag_processing.bundles.manager.DagBundlesManager","filename":"manager.py","lineno":179}
{"timestamp":"2026-02-01T09:00:33.493096Z","level":"info","event":"Filling up the DagBag from /home/calvin/repos/dbt-postgres-airflow/airflow/dags/dbt-orchestrator.py","logger":"airflow.models.dagbag.DagBag","filename":"dagbag.py","lineno":593}
{"timestamp":"2026-02-01T09:00:33.666603Z","level":"warning","event":"The `airflow.operators.bash.BashOperator` attribute is deprecated. Please use `'airflow.providers.standard.operators.bash.BashOperator'`.","category":"DeprecatedImportWarning","filename":"/home/calvin/repos/dbt-postgres-airflow/airflow/dags/dbt-orchestrator.py","lineno":12,"logger":"py.warnings"}
{"timestamp":"2026-02-01T09:00:34.062516Z","level":"info","event":"Task instance is in running state","logger":"task.stdout"}
{"timestamp":"2026-02-01T09:00:34.063348Z","level":"info","event":" Previous state of the Task instance: TaskInstanceState.QUEUED","logger":"task.stdout"}
{"timestamp":"2026-02-01T09:00:34.063711Z","level":"info","event":"Current task name:model.my_project.weather_del_ins","logger":"task.stdout"}
{"timestamp":"2026-02-01T09:00:34.064282Z","level":"info","event":"Dag name:dbt_orchestrator","logger":"task.stdout"}
{"timestamp":"2026-02-01T09:00:34.070298Z","level":"info","event":"Tmp dir root location: /tmp","logger":"airflow.task.hooks.airflow.providers.standard.hooks.subprocess.SubprocessHook","filename":"subprocess.py","lineno":78}
{"timestamp":"2026-02-01T09:00:34.073667Z","level":"info","event":"Running command: ['/usr/bin/bash', '-c', 'cd /home/calvin/repos/dbt-postgres-airflow/dbt/my_project && /home/calvin/.pyenv/versions/demo_dbt/bin/dbt run --select weather_del_ins']","logger":"airflow.task.hooks.airflow.providers.standard.hooks.subprocess.SubprocessHook","filename":"subprocess.py","lineno":80}
{"timestamp":"2026-02-01T09:00:34.098294Z","level":"info","event":"Output:","logger":"airflow.task.hooks.airflow.providers.standard.hooks.subprocess.SubprocessHook","filename":"subprocess.py","lineno":92}
{"timestamp":"2026-02-01T09:00:51.423206Z","level":"info","event":"\u001b[0m09:00:51  Running with dbt=1.11.2","logger":"airflow.task.hooks.airflow.providers.standard.hooks.subprocess.SubprocessHook","filename":"subprocess.py","lineno":99}
{"timestamp":"2026-02-01T09:00:53.875643Z","level":"info","event":"\u001b[0m09:00:53  Registered adapter: postgres=1.10.0","logger":"airflow.task.hooks.airflow.providers.standard.hooks.subprocess.SubprocessHook","filename":"subprocess.py","lineno":99}
{"timestamp":"2026-02-01T09:00:55.185630Z","level":"info","event":"\u001b[0m09:00:55  [\u001b[33mWARNING\u001b[0m]: Configuration paths exist in your dbt_project.yml file which do not apply to any resources.","logger":"airflow.task.hooks.airflow.providers.standard.hooks.subprocess.SubprocessHook","filename":"subprocess.py","lineno":99}
{"timestamp":"2026-02-01T09:00:55.186036Z","level":"info","event":"There are 1 unused configuration paths:","logger":"airflow.task.hooks.airflow.providers.standard.hooks.subprocess.SubprocessHook","filename":"subprocess.py","lineno":99}
{"timestamp":"2026-02-01T09:00:55.186280Z","level":"info","event":"- models.my_project.example","logger":"airflow.task.hooks.airflow.providers.standard.hooks.subprocess.SubprocessHook","filename":"subprocess.py","lineno":99}
{"timestamp":"2026-02-01T09:00:56.993636Z","level":"info","event":"\u001b[0m09:00:56  Found 3 models, 1 source, 465 macros","logger":"airflow.task.hooks.airflow.providers.standard.hooks.subprocess.SubprocessHook","filename":"subprocess.py","lineno":99}
{"timestamp":"2026-02-01T09:00:57.015081Z","level":"info","event":"\u001b[0m09:00:57","logger":"airflow.task.hooks.airflow.providers.standard.hooks.subprocess.SubprocessHook","filename":"subprocess.py","lineno":99}
{"timestamp":"2026-02-01T09:00:57.024123Z","level":"info","event":"\u001b[0m09:00:57  Concurrency: 1 threads (target='dev')","logger":"airflow.task.hooks.airflow.providers.standard.hooks.subprocess.SubprocessHook","filename":"subprocess.py","lineno":99}
{"timestamp":"2026-02-01T09:00:57.026798Z","level":"info","event":"\u001b[0m09:00:57","logger":"airflow.task.hooks.airflow.providers.standard.hooks.subprocess.SubprocessHook","filename":"subprocess.py","lineno":99}
{"timestamp":"2026-02-01T09:00:58.097822Z","level":"info","event":"\u001b[0m09:00:58  1 of 1 START sql incremental model dev.weather_del_ins ......................... [RUN]","logger":"airflow.task.hooks.airflow.providers.standard.hooks.subprocess.SubprocessHook","filename":"subprocess.py","lineno":99}
{"timestamp":"2026-02-01T09:00:59.769281Z","level":"info","event":"\u001b[0m09:00:59  1 of 1 OK created sql incremental model dev.weather_del_ins .................... [\u001b[32mINSERT 0 8\u001b[0m in 1.63s]","logger":"airflow.task.hooks.airflow.providers.standard.hooks.subprocess.SubprocessHook","filename":"subprocess.py","lineno":99}
{"timestamp":"2026-02-01T09:00:59.960710Z","level":"info","event":"\u001b[0m09:00:59","logger":"airflow.task.hooks.airflow.providers.standard.hooks.subprocess.SubprocessHook","filename":"subprocess.py","lineno":99}
{"timestamp":"2026-02-01T09:00:59.964407Z","level":"info","event":"\u001b[0m09:00:59  Finished running 1 incremental model in 0 hours 0 minutes and 2.92 seconds (2.92s).","logger":"airflow.task.hooks.airflow.providers.standard.hooks.subprocess.SubprocessHook","filename":"subprocess.py","lineno":99}
{"timestamp":"2026-02-01T09:01:00.523765Z","level":"info","event":"\u001b[0m09:01:00","logger":"airflow.task.hooks.airflow.providers.standard.hooks.subprocess.SubprocessHook","filename":"subprocess.py","lineno":99}
{"timestamp":"2026-02-01T09:01:00.544041Z","level":"info","event":"\u001b[0m09:01:00  \u001b[32mCompleted successfully\u001b[0m","logger":"airflow.task.hooks.airflow.providers.standard.hooks.subprocess.SubprocessHook","filename":"subprocess.py","lineno":99}
{"timestamp":"2026-02-01T09:01:00.544456Z","level":"info","event":"\u001b[0m09:01:00","logger":"airflow.task.hooks.airflow.providers.standard.hooks.subprocess.SubprocessHook","filename":"subprocess.py","lineno":99}
{"timestamp":"2026-02-01T09:01:00.556839Z","level":"info","event":"\u001b[0m09:01:00  Done. PASS=1 WARN=0 ERROR=0 SKIP=0 NO-OP=0 TOTAL=1","logger":"airflow.task.hooks.airflow.providers.standard.hooks.subprocess.SubprocessHook","filename":"subprocess.py","lineno":99}
{"timestamp":"2026-02-01T09:01:02.349394Z","level":"info","event":"Command exited with return code 0","logger":"airflow.task.hooks.airflow.providers.standard.hooks.subprocess.SubprocessHook","filename":"subprocess.py","lineno":103}
{"timestamp":"2026-02-01T09:01:02.350682Z","level":"info","event":"Pushing xcom","ti":"RuntimeTaskInstance(id=UUID('019c186e-33cf-7ada-9736-b9e67e3e787a'), task_id='model.my_project.weather_del_ins', dag_id='dbt_orchestrator', run_id='scheduled__2026-02-01T09:00:00+00:00', try_number=1, dag_version_id=UUID('019bf425-0c79-714b-be49-624101c92e44'), map_index=-1, hostname='DESKTOP-BT794FD.localdomain', context_carrier={}, task=<Task(BashOperator): model.my_project.weather_del_ins>, bundle_instance=LocalDagBundle(name=dags-folder), max_tries=0, start_date=datetime.datetime(2026, 2, 1, 9, 0, 32, 797187, tzinfo=datetime.timezone.utc), end_date=None, state=<TaskInstanceState.RUNNING: 'running'>, is_mapped=False, rendered_map_index=None)","logger":"task","filename":"task_runner.py","lineno":1450}
{"timestamp":"2026-02-01T09:01:02.664160Z","level":"info","event":"Task instance in success state","logger":"task.stdout"}
{"timestamp":"2026-02-01T09:01:02.664649Z","level":"info","event":" Previous state of the Task instance: TaskInstanceState.RUNNING","logger":"task.stdout"}
{"timestamp":"2026-02-01T09:01:02.665013Z","level":"info","event":"Task operator:<Task(BashOperator): model.my_project.weather_del_ins>","logger":"task.stdout"}
