{"timestamp":"2026-02-19T07:18:59.014230Z","level":"info","event":"DAG bundles loaded: dags-folder, example_dags","logger":"airflow.dag_processing.bundles.manager.DagBundlesManager","filename":"manager.py","lineno":179}
{"timestamp":"2026-02-19T07:18:59.015670Z","level":"info","event":"Filling up the DagBag from /home/calvin/repos/dbt-postgres-airflow/airflow_snowflake/dags/dbt_dag.py","logger":"airflow.models.dagbag.DagBag","filename":"dagbag.py","lineno":593}
{"timestamp":"2026-02-19T07:18:59.028881Z","level":"warning","event":"The `airflow.operators.bash.BashOperator` attribute is deprecated. Please use `'airflow.providers.standard.operators.bash.BashOperator'`.","category":"DeprecatedImportWarning","filename":"/home/calvin/repos/dbt-postgres-airflow/airflow_snowflake/dags/dbt_dag.py","lineno":3,"logger":"py.warnings"}
{"timestamp":"2026-02-19T07:18:59.110297Z","level":"info","event":"Task instance is in running state","logger":"task.stdout"}
{"timestamp":"2026-02-19T07:18:59.110479Z","level":"info","event":" Previous state of the Task instance: TaskInstanceState.QUEUED","logger":"task.stdout"}
{"timestamp":"2026-02-19T07:18:59.110618Z","level":"info","event":"Current task name:dbt_run","logger":"task.stdout"}
{"timestamp":"2026-02-19T07:18:59.110694Z","level":"info","event":"Dag name:dbt_workflow","logger":"task.stdout"}
{"timestamp":"2026-02-19T07:18:59.111344Z","level":"info","event":"Tmp dir root location: /tmp","logger":"airflow.task.hooks.airflow.providers.standard.hooks.subprocess.SubprocessHook","filename":"subprocess.py","lineno":78}
{"timestamp":"2026-02-19T07:18:59.112412Z","level":"info","event":"Running command: ['/usr/bin/bash', '-c', 'cd /home/calvin/repos/dbt-postgres-airflow/dbt/snowflake_data_project && /home/calvin/.pyenv/versions/demo_dbt/bin/dbt run']","logger":"airflow.task.hooks.airflow.providers.standard.hooks.subprocess.SubprocessHook","filename":"subprocess.py","lineno":80}
{"timestamp":"2026-02-19T07:18:59.113586Z","level":"info","event":"Output:","logger":"airflow.task.hooks.airflow.providers.standard.hooks.subprocess.SubprocessHook","filename":"subprocess.py","lineno":92}
{"timestamp":"2026-02-19T07:19:04.030132Z","level":"info","event":"\u001b[0m07:19:04  Running with dbt=1.11.2","logger":"airflow.task.hooks.airflow.providers.standard.hooks.subprocess.SubprocessHook","filename":"subprocess.py","lineno":99}
{"timestamp":"2026-02-19T07:19:07.483643Z","level":"info","event":"\u001b[0m07:19:07  Registered adapter: snowflake=1.11.1","logger":"airflow.task.hooks.airflow.providers.standard.hooks.subprocess.SubprocessHook","filename":"subprocess.py","lineno":99}
{"timestamp":"2026-02-19T07:19:09.342041Z","level":"info","event":"\u001b[0m07:19:09  Found 5 models, 2 data tests, 6 sources, 522 macros","logger":"airflow.task.hooks.airflow.providers.standard.hooks.subprocess.SubprocessHook","filename":"subprocess.py","lineno":99}
{"timestamp":"2026-02-19T07:19:09.355198Z","level":"info","event":"\u001b[0m07:19:09","logger":"airflow.task.hooks.airflow.providers.standard.hooks.subprocess.SubprocessHook","filename":"subprocess.py","lineno":99}
{"timestamp":"2026-02-19T07:19:09.358088Z","level":"info","event":"\u001b[0m07:19:09  Concurrency: 4 threads (target='dev')","logger":"airflow.task.hooks.airflow.providers.standard.hooks.subprocess.SubprocessHook","filename":"subprocess.py","lineno":99}
{"timestamp":"2026-02-19T07:19:09.361639Z","level":"info","event":"\u001b[0m07:19:09","logger":"airflow.task.hooks.airflow.providers.standard.hooks.subprocess.SubprocessHook","filename":"subprocess.py","lineno":99}
{"timestamp":"2026-02-19T07:19:12.221549Z","level":"info","event":"\u001b[0m07:19:12  1 of 5 START sql view model raw.stg_customers .................................. [RUN]","logger":"airflow.task.hooks.airflow.providers.standard.hooks.subprocess.SubprocessHook","filename":"subprocess.py","lineno":99}
{"timestamp":"2026-02-19T07:19:12.224411Z","level":"info","event":"\u001b[0m07:19:12  2 of 5 START sql view model raw.stg_order_items ................................ [RUN]","logger":"airflow.task.hooks.airflow.providers.standard.hooks.subprocess.SubprocessHook","filename":"subprocess.py","lineno":99}
{"timestamp":"2026-02-19T07:19:12.226709Z","level":"info","event":"\u001b[0m07:19:12  3 of 5 START sql view model raw.stg_orders ..................................... [RUN]","logger":"airflow.task.hooks.airflow.providers.standard.hooks.subprocess.SubprocessHook","filename":"subprocess.py","lineno":99}
{"timestamp":"2026-02-19T07:19:12.228195Z","level":"info","event":"\u001b[0m07:19:12  4 of 5 START sql view model raw.stg_products ................................... [RUN]","logger":"airflow.task.hooks.airflow.providers.standard.hooks.subprocess.SubprocessHook","filename":"subprocess.py","lineno":99}
{"timestamp":"2026-02-19T07:19:13.171742Z","level":"info","event":"\u001b[0m07:19:13  1 of 5 OK created sql view model raw.stg_customers ............................. [\u001b[32mSUCCESS 1\u001b[0m in 0.93s]","logger":"airflow.task.hooks.airflow.providers.standard.hooks.subprocess.SubprocessHook","filename":"subprocess.py","lineno":99}
{"timestamp":"2026-02-19T07:19:13.226448Z","level":"info","event":"\u001b[0m07:19:13  3 of 5 OK created sql view model raw.stg_orders ................................ [\u001b[32mSUCCESS 1\u001b[0m in 0.99s]","logger":"airflow.task.hooks.airflow.providers.standard.hooks.subprocess.SubprocessHook","filename":"subprocess.py","lineno":99}
{"timestamp":"2026-02-19T07:19:13.353815Z","level":"info","event":"\u001b[0m07:19:13  4 of 5 OK created sql view model raw.stg_products .............................. [\u001b[32mSUCCESS 1\u001b[0m in 1.11s]","logger":"airflow.task.hooks.airflow.providers.standard.hooks.subprocess.SubprocessHook","filename":"subprocess.py","lineno":99}
{"timestamp":"2026-02-19T07:19:13.371509Z","level":"info","event":"\u001b[0m07:19:13  2 of 5 OK created sql view model raw.stg_order_items ........................... [\u001b[32mSUCCESS 1\u001b[0m in 1.14s]","logger":"airflow.task.hooks.airflow.providers.standard.hooks.subprocess.SubprocessHook","filename":"subprocess.py","lineno":99}
{"timestamp":"2026-02-19T07:19:13.377509Z","level":"info","event":"\u001b[0m07:19:13  5 of 5 START sql table model raw.fact_daily_order_revenue ...................... [RUN]","logger":"airflow.task.hooks.airflow.providers.standard.hooks.subprocess.SubprocessHook","filename":"subprocess.py","lineno":99}
{"timestamp":"2026-02-19T07:19:15.034210Z","level":"info","event":"\u001b[0m07:19:15  5 of 5 OK created sql table model raw.fact_daily_order_revenue ................. [\u001b[32mSUCCESS 1\u001b[0m in 1.65s]","logger":"airflow.task.hooks.airflow.providers.standard.hooks.subprocess.SubprocessHook","filename":"subprocess.py","lineno":99}
{"timestamp":"2026-02-19T07:19:15.323189Z","level":"info","event":"\u001b[0m07:19:15","logger":"airflow.task.hooks.airflow.providers.standard.hooks.subprocess.SubprocessHook","filename":"subprocess.py","lineno":99}
{"timestamp":"2026-02-19T07:19:15.324165Z","level":"info","event":"\u001b[0m07:19:15  Finished running 1 table model, 4 view models in 0 hours 0 minutes and 5.96 seconds (5.96s).","logger":"airflow.task.hooks.airflow.providers.standard.hooks.subprocess.SubprocessHook","filename":"subprocess.py","lineno":99}
{"timestamp":"2026-02-19T07:19:15.508705Z","level":"info","event":"\u001b[0m07:19:15","logger":"airflow.task.hooks.airflow.providers.standard.hooks.subprocess.SubprocessHook","filename":"subprocess.py","lineno":99}
{"timestamp":"2026-02-19T07:19:15.511887Z","level":"info","event":"\u001b[0m07:19:15  \u001b[32mCompleted successfully\u001b[0m","logger":"airflow.task.hooks.airflow.providers.standard.hooks.subprocess.SubprocessHook","filename":"subprocess.py","lineno":99}
{"timestamp":"2026-02-19T07:19:15.514750Z","level":"info","event":"\u001b[0m07:19:15","logger":"airflow.task.hooks.airflow.providers.standard.hooks.subprocess.SubprocessHook","filename":"subprocess.py","lineno":99}
{"timestamp":"2026-02-19T07:19:15.518731Z","level":"info","event":"\u001b[0m07:19:15  Done. PASS=5 WARN=0 ERROR=0 SKIP=0 NO-OP=0 TOTAL=5","logger":"airflow.task.hooks.airflow.providers.standard.hooks.subprocess.SubprocessHook","filename":"subprocess.py","lineno":99}
{"timestamp":"2026-02-19T07:19:17.743865Z","level":"info","event":"Command exited with return code 0","logger":"airflow.task.hooks.airflow.providers.standard.hooks.subprocess.SubprocessHook","filename":"subprocess.py","lineno":103}
{"timestamp":"2026-02-19T07:19:17.745279Z","level":"info","event":"Pushing xcom","ti":"RuntimeTaskInstance(id=UUID('019c74c4-02b7-7c48-a8e4-042147477a0a'), task_id='dbt_run', dag_id='dbt_workflow', run_id='scheduled__2026-02-19T00:00:00+00:00', try_number=1, dag_version_id=UUID('019c523c-c59a-7ac9-ae39-7a334f2afde0'), map_index=-1, hostname='DESKTOP-BT794FD.localdomain', context_carrier={}, task=<Task(BashOperator): dbt_run>, bundle_instance=LocalDagBundle(name=dags-folder), max_tries=1, start_date=datetime.datetime(2026, 2, 19, 7, 18, 49, 351188, tzinfo=datetime.timezone.utc), end_date=None, state=<TaskInstanceState.RUNNING: 'running'>, is_mapped=False, rendered_map_index=None)","logger":"task","filename":"task_runner.py","lineno":1450}
{"timestamp":"2026-02-19T07:19:18.261009Z","level":"info","event":"Task instance in success state","logger":"task.stdout"}
{"timestamp":"2026-02-19T07:19:18.261600Z","level":"info","event":" Previous state of the Task instance: TaskInstanceState.RUNNING","logger":"task.stdout"}
{"timestamp":"2026-02-19T07:19:18.262125Z","level":"info","event":"Task operator:<Task(BashOperator): dbt_run>","logger":"task.stdout"}
